[2017-11-29.17:22:34] [Server thread/INFO]: Starting minecraft server version 1.8.8
[2017-11-29.17:22:34] [Server thread/INFO]: Loading properties
[2017-11-29.17:22:34] [Server thread/INFO]: Default game type: SURVIVAL
[2017-11-29.17:22:34] [Server thread/INFO]: This server is running CraftBukkit version git-Spigot-db6de12-18fbb24 (MC: 1.8.8) (Implementing API version 1.8.8-R0.1-SNAPSHOT)
[2017-11-29.17:22:34] [Server thread/INFO]: Debug logging is disabled
[2017-11-29.17:22:34] [Server thread/INFO]: Server Ping Player Sample Count: 12
[2017-11-29.17:22:34] [Server thread/INFO]: Using 4 threads for Netty based IO
[2017-11-29.17:22:34] [Server thread/INFO]: Generating keypair
[2017-11-29.17:22:35] [Server thread/INFO]: Starting Minecraft server on *:25565
[2017-11-29.17:22:35] [Server thread/INFO]: Using epoll channel type
[2017-11-29.17:22:35] [Server thread/WARN]: Plugin `Administration_Panel v1.1.0' uses the space-character (0x20) in its name `Administration Panel' - this is discouraged
[2017-11-29.17:22:35] [Server thread/ERROR]: Could not load 'plugins/EssentialsSpawn-2.x-SNAPSHOT.jar' in folder 'plugins'
org.bukkit.plugin.InvalidDescriptionException: Invalid plugin.yml
	at org.bukkit.plugin.java.JavaPluginLoader.getPluginDescription(JavaPluginLoader.java:162) ~[spigot-1.8.8.jar:git-Spigot-db6de12-18fbb24]
	at org.bukkit.plugin.SimplePluginManager.loadPlugins(SimplePluginManager.java:133) [spigot-1.8.8.jar:git-Spigot-db6de12-18fbb24]
	at org.bukkit.craftbukkit.v1_8_R3.CraftServer.loadPlugins(CraftServer.java:292) [spigot-1.8.8.jar:git-Spigot-db6de12-18fbb24]
	at net.minecraft.server.v1_8_R3.DedicatedServer.init(DedicatedServer.java:198) [spigot-1.8.8.jar:git-Spigot-db6de12-18fbb24]
	at net.minecraft.server.v1_8_R3.MinecraftServer.run(MinecraftServer.java:525) [spigot-1.8.8.jar:git-Spigot-db6de12-18fbb24]
	at java.lang.Thread.run(Thread.java:745) [?:1.7.0_85]
Caused by: java.util.zip.ZipException: zip file is empty
	at java.util.zip.ZipFile.open(Native Method) ~[?:1.7.0_85]
	at java.util.zip.ZipFile.<init>(ZipFile.java:215) ~[?:1.7.0_85]
	at java.util.zip.ZipFile.<init>(ZipFile.java:145) ~[?:1.7.0_85]
	at java.util.jar.JarFile.<init>(JarFile.java:154) ~[?:1.7.0_85]
	at java.util.jar.JarFile.<init>(JarFile.java:118) ~[?:1.7.0_85]
	at org.bukkit.plugin.java.JavaPluginLoader.getPluginDescription(JavaPluginLoader.java:150) ~[spigot-1.8.8.jar:git-Spigot-db6de12-18fbb24]
	... 5 more
[2017-11-29.17:22:35] [Server thread/ERROR]: Could not load 'plugins/figadmin.jar' in folder 'plugins'
org.bukkit.plugin.InvalidDescriptionException: Invalid plugin.yml
	at org.bukkit.plugin.java.JavaPluginLoader.getPluginDescription(JavaPluginLoader.java:162) ~[spigot-1.8.8.jar:git-Spigot-db6de12-18fbb24]
	at org.bukkit.plugin.SimplePluginManager.loadPlugins(SimplePluginManager.java:133) [spigot-1.8.8.jar:git-Spigot-db6de12-18fbb24]
	at org.bukkit.craftbukkit.v1_8_R3.CraftServer.loadPlugins(CraftServer.java:292) [spigot-1.8.8.jar:git-Spigot-db6de12-18fbb24]
	at net.minecraft.server.v1_8_R3.DedicatedServer.init(DedicatedServer.java:198) [spigot-1.8.8.jar:git-Spigot-db6de12-18fbb24]
	at net.minecraft.server.v1_8_R3.MinecraftServer.run(MinecraftServer.java:525) [spigot-1.8.8.jar:git-Spigot-db6de12-18fbb24]
	at java.lang.Thread.run(Thread.java:745) [?:1.7.0_85]
Caused by: java.util.zip.ZipException: error in opening zip file
	at java.util.zip.ZipFile.open(Native Method) ~[?:1.7.0_85]
	at java.util.zip.ZipFile.<init>(ZipFile.java:215) ~[?:1.7.0_85]
	at java.util.zip.ZipFile.<init>(ZipFile.java:145) ~[?:1.7.0_85]
	at java.util.jar.JarFile.<init>(JarFile.java:154) ~[?:1.7.0_85]
	at java.util.jar.JarFile.<init>(JarFile.java:118) ~[?:1.7.0_85]
	at org.bukkit.plugin.java.JavaPluginLoader.getPluginDescription(JavaPluginLoader.java:150) ~[spigot-1.8.8.jar:git-Spigot-db6de12-18fbb24]
	... 5 more
[2017-11-29.17:22:35] [Server thread/ERROR]: Ambiguous plugin name `PermissionsEx' for files `plugins/PermissionsEx.jar' and `plugins/PermissionsEx-1.23.4.jar' in `plugins'
[2017-11-29.17:22:35] [Server thread/INFO]: Set PluginClassLoader as parallel capable
[2017-11-29.17:22:35] [Server thread/ERROR]: Could not load 'plugins/test_plug.jar' in folder 'plugins'
org.bukkit.plugin.InvalidPluginException: java.lang.UnsupportedClassVersionError: ru/yan/test_plug/test_plug : Unsupported major.minor version 52.0
	at org.bukkit.plugin.java.JavaPluginLoader.loadPlugin(JavaPluginLoader.java:135) ~[spigot-1.8.8.jar:git-Spigot-db6de12-18fbb24]
	at org.bukkit.plugin.SimplePluginManager.loadPlugin(SimplePluginManager.java:329) ~[spigot-1.8.8.jar:git-Spigot-db6de12-18fbb24]
	at org.bukkit.plugin.SimplePluginManager.loadPlugins(SimplePluginManager.java:251) [spigot-1.8.8.jar:git-Spigot-db6de12-18fbb24]
	at org.bukkit.craftbukkit.v1_8_R3.CraftServer.loadPlugins(CraftServer.java:292) [spigot-1.8.8.jar:git-Spigot-db6de12-18fbb24]
	at net.minecraft.server.v1_8_R3.DedicatedServer.init(DedicatedServer.java:198) [spigot-1.8.8.jar:git-Spigot-db6de12-18fbb24]
	at net.minecraft.server.v1_8_R3.MinecraftServer.run(MinecraftServer.java:525) [spigot-1.8.8.jar:git-Spigot-db6de12-18fbb24]
	at java.lang.Thread.run(Thread.java:745) [?:1.7.0_85]
Caused by: java.lang.UnsupportedClassVersionError: ru/yan/test_plug/test_plug : Unsupported major.minor version 52.0
	at java.lang.ClassLoader.defineClass1(Native Method) ~[?:1.7.0_85]
	at java.lang.ClassLoader.defineClass(ClassLoader.java:800) ~[?:1.7.0_85]
	at java.security.SecureClassLoader.defineClass(SecureClassLoader.java:142) ~[?:1.7.0_85]
	at java.net.URLClassLoader.defineClass(URLClassLoader.java:449) ~[?:1.7.0_85]
	at java.net.URLClassLoader.access$100(URLClassLoader.java:71) ~[?:1.7.0_85]
	at java.net.URLClassLoader$1.run(URLClassLoader.java:361) ~[?:1.7.0_85]
	at java.net.URLClassLoader$1.run(URLClassLoader.java:355) ~[?:1.7.0_85]
	at java.security.AccessController.doPrivileged(Native Method) ~[?:1.7.0_85]
	at java.net.URLClassLoader.findClass(URLClassLoader.java:354) ~[?:1.7.0_85]
	at org.bukkit.plugin.java.PluginClassLoader.findClass(PluginClassLoader.java:101) ~[spigot-1.8.8.jar:git-Spigot-db6de12-18fbb24]
	at org.bukkit.plugin.java.PluginClassLoader.findClass(PluginClassLoader.java:86) ~[spigot-1.8.8.jar:git-Spigot-db6de12-18fbb24]
	at java.lang.ClassLoader.loadClass(ClassLoader.java:425) ~[?:1.7.0_85]
	at java.lang.ClassLoader.loadClass(ClassLoader.java:358) ~[?:1.7.0_85]
	at java.lang.Class.forName0(Native Method) ~[?:1.7.0_85]
	at java.lang.Class.forName(Class.java:278) ~[?:1.7.0_85]
	at org.bukkit.plugin.java.PluginClassLoader.<init>(PluginClassLoader.java:64) ~[spigot-1.8.8.jar:git-Spigot-db6de12-18fbb24]
	at org.bukkit.plugin.java.JavaPluginLoader.loadPlugin(JavaPluginLoader.java:131) ~[spigot-1.8.8.jar:git-Spigot-db6de12-18fbb24]
	... 6 more
[2017-11-29.17:22:35] [Server thread/ERROR]: Could not load 'plugins/RogueParkour.jar' in folder 'plugins'
org.bukkit.plugin.InvalidPluginException: java.lang.UnsupportedClassVersionError: cl/omegacraft/kledioz/rparkour/Main : Unsupported major.minor version 52.0
	at org.bukkit.plugin.java.JavaPluginLoader.loadPlugin(JavaPluginLoader.java:135) ~[spigot-1.8.8.jar:git-Spigot-db6de12-18fbb24]
	at org.bukkit.plugin.SimplePluginManager.loadPlugin(SimplePluginManager.java:329) ~[spigot-1.8.8.jar:git-Spigot-db6de12-18fbb24]
	at org.bukkit.plugin.SimplePluginManager.loadPlugins(SimplePluginManager.java:251) [spigot-1.8.8.jar:git-Spigot-db6de12-18fbb24]
	at org.bukkit.craftbukkit.v1_8_R3.CraftServer.loadPlugins(CraftServer.java:292) [spigot-1.8.8.jar:git-Spigot-db6de12-18fbb24]
	at net.minecraft.server.v1_8_R3.DedicatedServer.init(DedicatedServer.java:198) [spigot-1.8.8.jar:git-Spigot-db6de12-18fbb24]
	at net.minecraft.server.v1_8_R3.MinecraftServer.run(MinecraftServer.java:525) [spigot-1.8.8.jar:git-Spigot-db6de12-18fbb24]
	at java.lang.Thread.run(Thread.java:745) [?:1.7.0_85]
Caused by: java.lang.UnsupportedClassVersionError: cl/omegacraft/kledioz/rparkour/Main : Unsupported major.minor version 52.0
	at java.lang.ClassLoader.defineClass1(Native Method) ~[?:1.7.0_85]
	at java.lang.ClassLoader.defineClass(ClassLoader.java:800) ~[?:1.7.0_85]
	at java.security.SecureClassLoader.defineClass(SecureClassLoader.java:142) ~[?:1.7.0_85]
	at java.net.URLClassLoader.defineClass(URLClassLoader.java:449) ~[?:1.7.0_85]
	at java.net.URLClassLoader.access$100(URLClassLoader.java:71) ~[?:1.7.0_85]
	at java.net.URLClassLoader$1.run(URLClassLoader.java:361) ~[?:1.7.0_85]
	at java.net.URLClassLoader$1.run(URLClassLoader.java:355) ~[?:1.7.0_85]
	at java.security.AccessController.doPrivileged(Native Method) ~[?:1.7.0_85]
	at java.net.URLClassLoader.findClass(URLClassLoader.java:354) ~[?:1.7.0_85]
	at org.bukkit.plugin.java.PluginClassLoader.findClass(PluginClassLoader.java:101) ~[spigot-1.8.8.jar:git-Spigot-db6de12-18fbb24]
	at org.bukkit.plugin.java.PluginClassLoader.findClass(PluginClassLoader.java:86) ~[spigot-1.8.8.jar:git-Spigot-db6de12-18fbb24]
	at java.lang.ClassLoader.loadClass(ClassLoader.java:425) ~[?:1.7.0_85]
	at java.lang.ClassLoader.loadClass(ClassLoader.java:358) ~[?:1.7.0_85]
	at java.lang.Class.forName0(Native Method) ~[?:1.7.0_85]
	at java.lang.Class.forName(Class.java:278) ~[?:1.7.0_85]
	at org.bukkit.plugin.java.PluginClassLoader.<init>(PluginClassLoader.java:64) ~[spigot-1.8.8.jar:git-Spigot-db6de12-18fbb24]
	at org.bukkit.plugin.java.JavaPluginLoader.loadPlugin(JavaPluginLoader.java:131) ~[spigot-1.8.8.jar:git-Spigot-db6de12-18fbb24]
	... 6 more
[2017-11-29.17:22:35] [Server thread/ERROR]: Could not load 'plugins/CTSNC_Scoreboard-1.8.jar' in folder 'plugins'
org.bukkit.plugin.UnknownDependencyException: TTA
	at org.bukkit.plugin.SimplePluginManager.loadPlugins(SimplePluginManager.java:219) [spigot-1.8.8.jar:git-Spigot-db6de12-18fbb24]
	at org.bukkit.craftbukkit.v1_8_R3.CraftServer.loadPlugins(CraftServer.java:292) [spigot-1.8.8.jar:git-Spigot-db6de12-18fbb24]
	at net.minecraft.server.v1_8_R3.DedicatedServer.init(DedicatedServer.java:198) [spigot-1.8.8.jar:git-Spigot-db6de12-18fbb24]
	at net.minecraft.server.v1_8_R3.MinecraftServer.run(MinecraftServer.java:525) [spigot-1.8.8.jar:git-Spigot-db6de12-18fbb24]
	at java.lang.Thread.run(Thread.java:745) [?:1.7.0_85]
[2017-11-29.17:22:35] [Server thread/ERROR]: Could not load 'plugins/trollboss.jar' in folder 'plugins'
org.bukkit.plugin.InvalidPluginException: java.lang.UnsupportedClassVersionError: main/Main : Unsupported major.minor version 52.0
	at org.bukkit.plugin.java.JavaPluginLoader.loadPlugin(JavaPluginLoader.java:135) ~[spigot-1.8.8.jar:git-Spigot-db6de12-18fbb24]
	at org.bukkit.plugin.SimplePluginManager.loadPlugin(SimplePluginManager.java:329) ~[spigot-1.8.8.jar:git-Spigot-db6de12-18fbb24]
	at org.bukkit.plugin.SimplePluginManager.loadPlugins(SimplePluginManager.java:251) [spigot-1.8.8.jar:git-Spigot-db6de12-18fbb24]
	at org.bukkit.craftbukkit.v1_8_R3.CraftServer.loadPlugins(CraftServer.java:292) [spigot-1.8.8.jar:git-Spigot-db6de12-18fbb24]
	at net.minecraft.server.v1_8_R3.DedicatedServer.init(DedicatedServer.java:198) [spigot-1.8.8.jar:git-Spigot-db6de12-18fbb24]
	at net.minecraft.server.v1_8_R3.MinecraftServer.run(MinecraftServer.java:525) [spigot-1.8.8.jar:git-Spigot-db6de12-18fbb24]
	at java.lang.Thread.run(Thread.java:745) [?:1.7.0_85]
Caused by: java.lang.UnsupportedClassVersionError: main/Main : Unsupported major.minor version 52.0
	at java.lang.ClassLoader.defineClass1(Native Method) ~[?:1.7.0_85]
	at java.lang.ClassLoader.defineClass(ClassLoader.java:800) ~[?:1.7.0_85]
	at java.security.SecureClassLoader.defineClass(SecureClassLoader.java:142) ~[?:1.7.0_85]
	at java.net.URLClassLoader.defineClass(URLClassLoader.java:449) ~[?:1.7.0_85]
	at java.net.URLClassLoader.access$100(URLClassLoader.java:71) ~[?:1.7.0_85]
	at java.net.URLClassLoader$1.run(URLClassLoader.java:361) ~[?:1.7.0_85]
	at java.net.URLClassLoader$1.run(URLClassLoader.java:355) ~[?:1.7.0_85]
	at java.security.AccessController.doPrivileged(Native Method) ~[?:1.7.0_85]
	at java.net.URLClassLoader.findClass(URLClassLoader.java:354) ~[?:1.7.0_85]
	at org.bukkit.plugin.java.PluginClassLoader.findClass(PluginClassLoader.java:101) ~[spigot-1.8.8.jar:git-Spigot-db6de12-18fbb24]
	at org.bukkit.plugin.java.PluginClassLoader.findClass(PluginClassLoader.java:86) ~[spigot-1.8.8.jar:git-Spigot-db6de12-18fbb24]
	at java.lang.ClassLoader.loadClass(ClassLoader.java:425) ~[?:1.7.0_85]
	at java.lang.ClassLoader.loadClass(ClassLoader.java:358) ~[?:1.7.0_85]
	at java.lang.Class.forName0(Native Method) ~[?:1.7.0_85]
	at java.lang.Class.forName(Class.java:278) ~[?:1.7.0_85]
	at org.bukkit.plugin.java.PluginClassLoader.<init>(PluginClassLoader.java:64) ~[spigot-1.8.8.jar:git-Spigot-db6de12-18fbb24]
	at org.bukkit.plugin.java.JavaPluginLoader.loadPlugin(JavaPluginLoader.java:131) ~[spigot-1.8.8.jar:git-Spigot-db6de12-18fbb24]
	... 6 more
[2017-11-29.17:22:35] [Server thread/INFO]: [INFO][NoCheatPlus] Wed Nov 29 17:22:35 MSK 2017
[2017-11-29.17:22:35] [Server thread/INFO]: Player instances are stored for efficiency.
[2017-11-29.17:22:35] [Server thread/ERROR]: Could not load 'plugins/blockversion.jar' in folder 'plugins'
org.bukkit.plugin.UnknownDependencyException: ProtocolSupport
	at org.bukkit.plugin.SimplePluginManager.loadPlugins(SimplePluginManager.java:219) [spigot-1.8.8.jar:git-Spigot-db6de12-18fbb24]
	at org.bukkit.craftbukkit.v1_8_R3.CraftServer.loadPlugins(CraftServer.java:292) [spigot-1.8.8.jar:git-Spigot-db6de12-18fbb24]
	at net.minecraft.server.v1_8_R3.DedicatedServer.init(DedicatedServer.java:198) [spigot-1.8.8.jar:git-Spigot-db6de12-18fbb24]
	at net.minecraft.server.v1_8_R3.MinecraftServer.run(MinecraftServer.java:525) [spigot-1.8.8.jar:git-Spigot-db6de12-18fbb24]
	at java.lang.Thread.run(Thread.java:745) [?:1.7.0_85]
[2017-11-29.17:22:36] [Server thread/ERROR]: Could not load 'plugins/RandomPort.jar' in folder 'plugins'
org.bukkit.plugin.InvalidPluginException: java.lang.UnsupportedClassVersionError: com/yahoo/bertasiguy2/RandomPort : Unsupported major.minor version 52.0
	at org.bukkit.plugin.java.JavaPluginLoader.loadPlugin(JavaPluginLoader.java:135) ~[spigot-1.8.8.jar:git-Spigot-db6de12-18fbb24]
	at org.bukkit.plugin.SimplePluginManager.loadPlugin(SimplePluginManager.java:329) ~[spigot-1.8.8.jar:git-Spigot-db6de12-18fbb24]
	at org.bukkit.plugin.SimplePluginManager.loadPlugins(SimplePluginManager.java:251) [spigot-1.8.8.jar:git-Spigot-db6de12-18fbb24]
	at org.bukkit.craftbukkit.v1_8_R3.CraftServer.loadPlugins(CraftServer.java:292) [spigot-1.8.8.jar:git-Spigot-db6de12-18fbb24]
	at net.minecraft.server.v1_8_R3.DedicatedServer.init(DedicatedServer.java:198) [spigot-1.8.8.jar:git-Spigot-db6de12-18fbb24]
	at net.minecraft.server.v1_8_R3.MinecraftServer.run(MinecraftServer.java:525) [spigot-1.8.8.jar:git-Spigot-db6de12-18fbb24]
	at java.lang.Thread.run(Thread.java:745) [?:1.7.0_85]
Caused by: java.lang.UnsupportedClassVersionError: com/yahoo/bertasiguy2/RandomPort : Unsupported major.minor version 52.0
	at java.lang.ClassLoader.defineClass1(Native Method) ~[?:1.7.0_85]
	at java.lang.ClassLoader.defineClass(ClassLoader.java:800) ~[?:1.7.0_85]
	at java.security.SecureClassLoader.defineClass(SecureClassLoader.java:142) ~[?:1.7.0_85]
	at java.net.URLClassLoader.defineClass(URLClassLoader.java:449) ~[?:1.7.0_85]
	at java.net.URLClassLoader.access$100(URLClassLoader.java:71) ~[?:1.7.0_85]
	at java.net.URLClassLoader$1.run(URLClassLoader.java:361) ~[?:1.7.0_85]
	at java.net.URLClassLoader$1.run(URLClassLoader.java:355) ~[?:1.7.0_85]
	at java.security.AccessController.doPrivileged(Native Method) ~[?:1.7.0_85]
	at java.net.URLClassLoader.findClass(URLClassLoader.java:354) ~[?:1.7.0_85]
	at org.bukkit.plugin.java.PluginClassLoader.findClass(PluginClassLoader.java:101) ~[spigot-1.8.8.jar:git-Spigot-db6de12-18fbb24]
	at org.bukkit.plugin.java.PluginClassLoader.findClass(PluginClassLoader.java:86) ~[spigot-1.8.8.jar:git-Spigot-db6de12-18fbb24]
	at java.lang.ClassLoader.loadClass(ClassLoader.java:425) ~[?:1.7.0_85]
	at java.lang.ClassLoader.loadClass(ClassLoader.java:358) ~[?:1.7.0_85]
	at java.lang.Class.forName0(Native Method) ~[?:1.7.0_85]
	at java.lang.Class.forName(Class.java:278) ~[?:1.7.0_85]
	at org.bukkit.plugin.java.PluginClassLoader.<init>(PluginClassLoader.java:64) ~[spigot-1.8.8.jar:git-Spigot-db6de12-18fbb24]
	at org.bukkit.plugin.java.JavaPluginLoader.loadPlugin(JavaPluginLoader.java:131) ~[spigot-1.8.8.jar:git-Spigot-db6de12-18fbb24]
	... 6 more
[2017-11-29.17:22:36] [Server thread/INFO]: [ServerProtector] Loading ServerProtector v1.0
[2017-11-29.17:22:36] [Server thread/INFO]: [DynPad] Loading DynPad v1.4
[2017-11-29.17:22:36] [Server thread/INFO]: [SkinsRestorer] Loading SkinsRestorer v10.5.9
[2017-11-29.17:22:36] [Server thread/INFO]: [Vault] Loading Vault v1.5.6-b49
[2017-11-29.17:22:36] [Server thread/INFO]: [Multiverse-Core] Loading Multiverse-Core v2.5-b719
[2017-11-29.17:22:36] [Server thread/INFO]: [ViaVersion] Loading ViaVersion v1.2.0
[2017-11-29.17:22:36] [Server thread/INFO]: [ViaVersion] ViaVersion 1.2.0 is now loaded, injecting!
[2017-11-29.17:22:36] [Server thread/INFO]: [Tablist] Loading Tablist v1.2.3.7
[2017-11-29.17:22:36] [Server thread/INFO]: [Chairs] Loading Chairs v4.6
[2017-11-29.17:22:36] [Server thread/INFO]: [Administration_Panel] Loading Administration_Panel v1.1.0
[2017-11-29.17:22:36] [Server thread/INFO]: [AutoMessage] Loading AutoMessage v2.5.5
[2017-11-29.17:22:36] [Server thread/INFO]: [RandomTeleport] Loading RandomTeleport v5.0.0
[2017-11-29.17:22:36] [Server thread/INFO]: [AntiAd] Loading AntiAd v2.3.4
[2017-11-29.17:22:36] [Server thread/INFO]: [ChestCommands] Loading ChestCommands v2.2.3
[2017-11-29.17:22:36] [Server thread/INFO]: [GamenixText] Loading GamenixText v1.3
[2017-11-29.17:22:36] [Server thread/INFO]: [HolographicDisplays] Loading HolographicDisplays v2.2.1
[2017-11-29.17:22:36] [Server thread/INFO]: [TimTheEnchanter] Loading TimTheEnchanter v2.0
[2017-11-29.17:22:36] [Server thread/INFO]: [UralClans] Loading UralClans v1.0
[2017-11-29.17:22:36] [Server thread/INFO]: [Jobs] Loading Jobs v2.8.5
[2017-11-29.17:22:36] [Server thread/INFO]: [HideStream] Loading HideStream v3.1
[2017-11-29.17:22:36] [Server thread/INFO]: [SmokeTrail] Loading SmokeTrail v8.0
[2017-11-29.17:22:36] [Server thread/INFO]: [NoCheatPlus] Loading NoCheatPlus v3.13.7-RC-sMD5NET-b925
[2017-11-29.17:22:36] [Server thread/INFO]: onLoad: Early set up of static API, configuration, logging.
[2017-11-29.17:22:36] [Server thread/INFO]: [NoCheatPlus] Logging system initialized.
[2017-11-29.17:22:36] [Server thread/INFO]: [NoCheatPlus] Detected Minecraft version: 1.8.8
[2017-11-29.17:22:36] [Server thread/INFO]: [WorldEdit] Loading WorldEdit v6.1
[2017-11-29.17:22:36] [Server thread/INFO]: [VIPSlots] Loading VIPSlots v1.0
[2017-11-29.17:22:36] [Server thread/INFO]: [DonateJoin] Loading DonateJoin v1.0
[2017-11-29.17:22:36] [Server thread/INFO]: [OPSRegion] Loading OPSRegion v1.0
[2017-11-29.17:22:36] [Server thread/INFO]: [AntiBotUltra] Loading AntiBotUltra v7.1
[2017-11-29.17:22:36] [Server thread/INFO]: [PermissionsEx] Loading PermissionsEx v1.23.4
[2017-11-29.17:22:36] [Server thread/WARN]: [PermissionsEx] This server is in offline mode. Unless this server is configured to integrate with a supported proxy (see http://dft.ba/-8ous), UUIDs *may not be stable*!
[2017-11-29.17:22:36] [Server thread/INFO]: [HealthBar] Loading HealthBar v1.8.3
[2017-11-29.17:22:36] [Server thread/INFO]: [CS-CoreLib] Loading CS-CoreLib v1.5.16
[2017-11-29.17:22:36] [Server thread/INFO]: [RainbowArmour] Loading RainbowArmour v1.0
[2017-11-29.17:22:36] [Server thread/INFO]: [WorldGuard] Loading WorldGuard v6.1
[2017-11-29.17:22:36] [Server thread/INFO]: [PingMOTD] Loading PingMOTD v0.7
[2017-11-29.17:22:36] [Server thread/INFO]: [MineResetLite] Loading MineResetLite v0.3.6
[2017-11-29.17:22:36] [Server thread/INFO]: [RandomBox] Loading RandomBox v2.1.2
[2017-11-29.17:22:36] [Server thread/INFO]: [Marriage] Loading Marriage v1.11
[2017-11-29.17:22:36] [Server thread/INFO]: [LokiBlocker] Loading LokiBlocker v0.5.4
[2017-11-29.17:22:36] [Server thread/INFO]: [ColorMe] Loading ColorMe v3.8.1
[2017-11-29.17:22:36] [Server thread/INFO]: [ClearLag] Loading ClearLag v2.9.3
[2017-11-29.17:22:36] [Server thread/INFO]: [AutoSaveWorld] Loading AutoSaveWorld v4.14.2
[2017-11-29.17:22:36] [Server thread/INFO]: [Essentials] Loading Essentials vTeamCity
[2017-11-29.17:22:36] [Server thread/INFO]: [CTSNC] Loading CTSNC v11.7
[2017-11-29.17:22:36] [Server thread/INFO]: [AncientGates] Loading AncientGates v2.0.6
[2017-11-29.17:22:36] [Server thread/INFO]: [ColoredTags] Loading ColoredTags v2.1.1
[2017-11-29.17:22:36] [Server thread/INFO]: [ChatManager] Loading ChatManager v1.19.1
[2017-11-29.17:22:36] [Server thread/INFO]: [EssentialsSpawn] Loading EssentialsSpawn vTeamCity
[2017-11-29.17:22:36] [Server thread/INFO]: [AuthMe] Loading AuthMe v3.4
[2017-11-29.17:22:36] [Server thread/INFO]: [SkinsRestorer] Enabling SkinsRestorer v10.5.9
[2017-11-29.17:22:37] [Server thread/INFO]: [SkinsRestorer] Loaded Skin Factory for v1_8_R3
[2017-11-29.17:22:37] [Server thread/INFO]: ==============================================
[2017-11-29.17:22:37] [Server thread/INFO]:   SkinsRestorer Updater
[2017-11-29.17:22:37] [Server thread/INFO]:  
[2017-11-29.17:22:37] [Server thread/INFO]:     You are running v10.5.9
[2017-11-29.17:22:37] [Server thread/INFO]:     The latest version of SkinsRestorer!
[2017-11-29.17:22:37] [Server thread/INFO]:  
[2017-11-29.17:22:37] [Server thread/INFO]: ==============================================
[2017-11-29.17:22:37] [Server thread/INFO]: [Vault] Enabling Vault v1.5.6-b49
[2017-11-29.17:22:37] [Server thread/INFO]: [Vault] [Economy] Essentials Economy found: Waiting
[2017-11-29.17:22:37] [Server thread/INFO]: [Vault] [Permission] PermissionsEx found: Waiting
[2017-11-29.17:22:37] [Server thread/INFO]: [Vault] [Permission] SuperPermissions loaded as backup permission system.
[2017-11-29.17:22:37] [Server thread/INFO]: [Vault] [Chat] PermissionsEx found: Waiting
[2017-11-29.17:22:37] [Server thread/INFO]: [Vault] Enabled Version 1.5.6-b49
[2017-11-29.17:22:37] [Server thread/INFO]: [AutoSaveWorld] Enabling AutoSaveWorld v4.14.2
[2017-11-29.17:22:37] [Server thread/WARN]: **** SERVER IS RUNNING IN OFFLINE/INSECURE MODE!
[2017-11-29.17:22:37] [Server thread/WARN]: The server will make no attempt to authenticate usernames. Beware.
[2017-11-29.17:22:37] [Server thread/WARN]: While this makes the game possible to play without internet access, it also opens up the ability for hackers to connect with any username they choose.
[2017-11-29.17:22:37] [Server thread/WARN]: To change this, set "online-mode" to "true" in the server.properties file.
[2017-11-29.17:22:37] [Server thread/INFO]: **** Beginning UUID conversion, this may take A LONG time ****
[2017-11-29.17:22:37] [Server thread/INFO]: Preparing level "world"
[2017-11-29.17:22:37] [Server thread/INFO]: -------- World Settings For [world] --------
[2017-11-29.17:22:37] [Server thread/INFO]: Anti X-Ray: true
[2017-11-29.17:22:37] [Server thread/INFO]: 	Engine Mode: 1
[2017-11-29.17:22:37] [Server thread/INFO]: 	Hidden Blocks: [14, 15, 16, 21, 48, 49, 54, 56, 73, 74, 82, 129, 130]
[2017-11-29.17:22:37] [Server thread/INFO]: 	Replace Blocks: [1, 5]
[2017-11-29.17:22:37] [Server thread/INFO]: Nerfing mobs spawned from spawners: false
[2017-11-29.17:22:37] [Server thread/INFO]: Mob Spawn Range: 4
[2017-11-29.17:22:37] [Server thread/INFO]: Cactus Growth Modifier: 100%
[2017-11-29.17:22:37] [Server thread/INFO]: Cane Growth Modifier: 100%
[2017-11-29.17:22:37] [Server thread/INFO]: Melon Growth Modifier: 100%
[2017-11-29.17:22:37] [Server thread/INFO]: Mushroom Growth Modifier: 100%
[2017-11-29.17:22:37] [Server thread/INFO]: Pumpkin Growth Modifier: 100%
[2017-11-29.17:22:37] [Server thread/INFO]: Sapling Growth Modifier: 100%
[2017-11-29.17:22:37] [Server thread/INFO]: Wheat Growth Modifier: 100%
[2017-11-29.17:22:37] [Server thread/INFO]: NetherWart Growth Modifier: 100%
[2017-11-29.17:22:37] [Server thread/INFO]: Entity Activation Range: An 32 / Mo 32 / Mi 16
[2017-11-29.17:22:37] [Server thread/INFO]: Entity Tracking Range: Pl 48 / An 48 / Mo 48 / Mi 32 / Other 64
[2017-11-29.17:22:37] [Server thread/INFO]: Hopper Transfer: 8 Hopper Check: 8 Hopper Amount: 1
[2017-11-29.17:22:37] [Server thread/INFO]: Random Lighting Updates: false
[2017-11-29.17:22:37] [Server thread/INFO]: Structure Info Saving: true
[2017-11-29.17:22:37] [Server thread/INFO]: Sending up to 10 chunks per packet
[2017-11-29.17:22:37] [Server thread/INFO]: Max Entity Collisions: 8
[2017-11-29.17:22:37] [Server thread/INFO]: Custom Map Seeds:  Village: 10387312 Feature: 14357617
[2017-11-29.17:22:37] [Server thread/INFO]: Max TNT Explosions: 100
[2017-11-29.17:22:37] [Server thread/INFO]: Tile Max Tick Time: 50ms Entity max Tick Time: 50ms
[2017-11-29.17:22:37] [Server thread/INFO]: Allow Zombie Pigmen to spawn from portal blocks: true
[2017-11-29.17:22:37] [Server thread/INFO]: Item Despawn Rate: 6000
[2017-11-29.17:22:37] [Server thread/INFO]: Item Merge Radius: 2.5
[2017-11-29.17:22:37] [Server thread/INFO]: Arrow Despawn Rate: 1200
[2017-11-29.17:22:37] [Server thread/INFO]: View Distance: 10
[2017-11-29.17:22:37] [Server thread/INFO]: Zombie Aggressive Towards Villager: true
[2017-11-29.17:22:37] [Server thread/INFO]: Chunks to Grow per Tick: 650
[2017-11-29.17:22:37] [Server thread/INFO]: Clear tick list: false
[2017-11-29.17:22:37] [Server thread/INFO]: Experience Merge Radius: 3.0
[2017-11-29.17:22:37] [Server thread/INFO]: -------- World Settings For [world_nether] --------
[2017-11-29.17:22:37] [Server thread/INFO]: Anti X-Ray: true
[2017-11-29.17:22:37] [Server thread/INFO]: 	Engine Mode: 1
[2017-11-29.17:22:37] [Server thread/INFO]: 	Hidden Blocks: [14, 15, 16, 21, 48, 49, 54, 56, 73, 74, 82, 129, 130]
[2017-11-29.17:22:37] [Server thread/INFO]: 	Replace Blocks: [1, 5]
[2017-11-29.17:22:37] [Server thread/INFO]: Nerfing mobs spawned from spawners: false
[2017-11-29.17:22:37] [Server thread/INFO]: Mob Spawn Range: 4
[2017-11-29.17:22:37] [Server thread/INFO]: Cactus Growth Modifier: 100%
[2017-11-29.17:22:37] [Server thread/INFO]: Cane Growth Modifier: 100%
[2017-11-29.17:22:37] [Server thread/INFO]: Melon Growth Modifier: 100%
[2017-11-29.17:22:37] [Server thread/INFO]: Mushroom Growth Modifier: 100%
[2017-11-29.17:22:37] [Server thread/INFO]: Pumpkin Growth Modifier: 100%
[2017-11-29.17:22:37] [Server thread/INFO]: Sapling Growth Modifier: 100%
[2017-11-29.17:22:37] [Server thread/INFO]: Wheat Growth Modifier: 100%
[2017-11-29.17:22:37] [Server thread/INFO]: NetherWart Growth Modifier: 100%
[2017-11-29.17:22:37] [Server thread/INFO]: Entity Activation Range: An 32 / Mo 32 / Mi 16
[2017-11-29.17:22:37] [Server thread/INFO]: Entity Tracking Range: Pl 48 / An 48 / Mo 48 / Mi 32 / Other 64
[2017-11-29.17:22:37] [Server thread/INFO]: Hopper Transfer: 8 Hopper Check: 8 Hopper Amount: 1
[2017-11-29.17:22:37] [Server thread/INFO]: Random Lighting Updates: false
[2017-11-29.17:22:37] [Server thread/INFO]: Structure Info Saving: true
[2017-11-29.17:22:37] [Server thread/INFO]: Sending up to 10 chunks per packet
[2017-11-29.17:22:37] [Server thread/INFO]: Max Entity Collisions: 8
[2017-11-29.17:22:37] [Server thread/INFO]: Custom Map Seeds:  Village: 10387312 Feature: 14357617
[2017-11-29.17:22:37] [Server thread/INFO]: Max TNT Explosions: 100
[2017-11-29.17:22:37] [Server thread/INFO]: Tile Max Tick Time: 50ms Entity max Tick Time: 50ms
[2017-11-29.17:22:37] [Server thread/INFO]: Allow Zombie Pigmen to spawn from portal blocks: true
[2017-11-29.17:22:37] [Server thread/INFO]: Item Despawn Rate: 6000
[2017-11-29.17:22:37] [Server thread/INFO]: Item Merge Radius: 2.5
[2017-11-29.17:22:37] [Server thread/INFO]: Arrow Despawn Rate: 1200
[2017-11-29.17:22:37] [Server thread/INFO]: View Distance: 10
[2017-11-29.17:22:37] [Server thread/INFO]: Zombie Aggressive Towards Villager: true
[2017-11-29.17:22:37] [Server thread/INFO]: Chunks to Grow per Tick: 650
[2017-11-29.17:22:37] [Server thread/INFO]: Clear tick list: false
[2017-11-29.17:22:37] [Server thread/INFO]: Experience Merge Radius: 3.0
[2017-11-29.17:22:37] [Server thread/INFO]: -------- World Settings For [world_the_end] --------
[2017-11-29.17:22:37] [Server thread/INFO]: Anti X-Ray: true
[2017-11-29.17:22:37] [Server thread/INFO]: 	Engine Mode: 1
[2017-11-29.17:22:37] [Server thread/INFO]: 	Hidden Blocks: [14, 15, 16, 21, 48, 49, 54, 56, 73, 74, 82, 129, 130]
[2017-11-29.17:22:37] [Server thread/INFO]: 	Replace Blocks: [1, 5]
[2017-11-29.17:22:37] [Server thread/INFO]: Nerfing mobs spawned from spawners: false
[2017-11-29.17:22:37] [Server thread/INFO]: Mob Spawn Range: 4
[2017-11-29.17:22:37] [Server thread/INFO]: Cactus Growth Modifier: 100%
[2017-11-29.17:22:37] [Server thread/INFO]: Cane Growth Modifier: 100%
[2017-11-29.17:22:37] [Server thread/INFO]: Melon Growth Modifier: 100%
[2017-11-29.17:22:37] [Server thread/INFO]: Mushroom Growth Modifier: 100%
[2017-11-29.17:22:37] [Server thread/INFO]: Pumpkin Growth Modifier: 100%
[2017-11-29.17:22:37] [Server thread/INFO]: Sapling Growth Modifier: 100%
[2017-11-29.17:22:37] [Server thread/INFO]: Wheat Growth Modifier: 100%
[2017-11-29.17:22:37] [Server thread/INFO]: NetherWart Growth Modifier: 100%
[2017-11-29.17:22:37] [Server thread/INFO]: Entity Activation Range: An 32 / Mo 32 / Mi 16
[2017-11-29.17:22:37] [Server thread/INFO]: Entity Tracking Range: Pl 48 / An 48 / Mo 48 / Mi 32 / Other 64
[2017-11-29.17:22:37] [Server thread/INFO]: Hopper Transfer: 8 Hopper Check: 8 Hopper Amount: 1
[2017-11-29.17:22:37] [Server thread/INFO]: Random Lighting Updates: false
[2017-11-29.17:22:37] [Server thread/INFO]: Structure Info Saving: true
[2017-11-29.17:22:37] [Server thread/INFO]: Sending up to 10 chunks per packet
[2017-11-29.17:22:37] [Server thread/INFO]: Max Entity Collisions: 8
[2017-11-29.17:22:37] [Server thread/INFO]: Custom Map Seeds:  Village: 10387312 Feature: 14357617
[2017-11-29.17:22:37] [Server thread/INFO]: Max TNT Explosions: 100
[2017-11-29.17:22:37] [Server thread/INFO]: Tile Max Tick Time: 50ms Entity max Tick Time: 50ms
[2017-11-29.17:22:37] [Server thread/INFO]: Allow Zombie Pigmen to spawn from portal blocks: true
[2017-11-29.17:22:37] [Server thread/INFO]: Item Despawn Rate: 6000
[2017-11-29.17:22:37] [Server thread/INFO]: Item Merge Radius: 2.5
[2017-11-29.17:22:37] [Server thread/INFO]: Arrow Despawn Rate: 1200
[2017-11-29.17:22:37] [Server thread/INFO]: View Distance: 10
[2017-11-29.17:22:37] [Server thread/INFO]: Zombie Aggressive Towards Villager: true
[2017-11-29.17:22:37] [Server thread/INFO]: Chunks to Grow per Tick: 650
[2017-11-29.17:22:37] [Server thread/INFO]: Clear tick list: false
[2017-11-29.17:22:37] [Server thread/INFO]: Experience Merge Radius: 3.0
[2017-11-29.17:22:37] [Server thread/INFO]: Preparing start region for level 0 (Seed: -5804818513170348156)
[2017-11-29.17:22:38] [Server thread/INFO]: Preparing spawn area: 95%
[2017-11-29.17:22:38] [Server thread/INFO]: Preparing start region for level 1 (Seed: -7145796746676872047)
[2017-11-29.17:22:39] [Server thread/INFO]: Preparing start region for level 2 (Seed: -7145796746676872047)
[2017-11-29.17:22:39] [Server thread/INFO]: [ServerProtector] Enabling ServerProtector v1.0
[2017-11-29.17:22:39] [Server thread/INFO]: [DynPad] Enabling DynPad v1.4
[2017-11-29.17:22:39] [Server thread/INFO]: [Multiverse-Core] Enabling Multiverse-Core v2.5-b719
[2017-11-29.17:22:39] [Server thread/WARN]: [Multiverse-Core] WorldManager: Can't load this world because the folder was deleted/moved: lobby
[2017-11-29.17:22:39] [Server thread/WARN]: [Multiverse-Core] Use '/mv remove' to remove it from the config!
[2017-11-29.17:22:39] [Server thread/INFO]: [Multiverse-Core] 3 - World(s) loaded.
[2017-11-29.17:22:39] [Server thread/INFO]: [Multiverse-Core] Version 2.5-b719 (API v20) Enabled - By Rigby, fernferret, lithium3141 and main--
[2017-11-29.17:22:39] [Server thread/INFO]: [ViaVersion] Enabling ViaVersion v1.2.0
[2017-11-29.17:22:39] [Server thread/INFO]: [Tablist] Enabling Tablist v1.2.3.7
[2017-11-29.17:22:39] [Server thread/INFO]: Tablist> Tablist v1.2.3.7 enabled!!
[2017-11-29.17:22:39] [Server thread/INFO]: [Chairs] Enabling Chairs v4.6
[2017-11-29.17:22:39] [Server thread/INFO]: [Chairs] Allowed block: WOOD_STAIRS => 0.7
[2017-11-29.17:22:39] [Server thread/INFO]: [Chairs] Allowed block: SPRUCE_WOOD_STAIRS => 0.7
[2017-11-29.17:22:39] [Server thread/INFO]: [Chairs] Allowed block: JUNGLE_WOOD_STAIRS => 0.7
[2017-11-29.17:22:39] [Server thread/INFO]: [Chairs] Allowed block: BIRCH_WOOD_STAIRS => 0.7
[2017-11-29.17:22:39] [Server thread/INFO]: [Chairs] Allowed block: SANDSTONE_STAIRS => 0.7
[2017-11-29.17:22:39] [Server thread/INFO]: [Chairs] Allowed block: COBBLESTONE_STAIRS => 0.7
[2017-11-29.17:22:39] [Server thread/INFO]: [Chairs] Allowed block: BRICK_STAIRS => 0.7
[2017-11-29.17:22:39] [Server thread/INFO]: [Chairs] Allowed block: SMOOTH_STAIRS => 0.7
[2017-11-29.17:22:39] [Server thread/INFO]: [Chairs] Allowed block: NETHER_BRICK_STAIRS => 0.7
[2017-11-29.17:22:39] [Server thread/INFO]: [Chairs] Allowed block: QUARTZ_STAIRS => 0.7
[2017-11-29.17:22:39] [Server thread/INFO]: [Chairs] Allowed block: ACACIA_STAIRS => 0.7
[2017-11-29.17:22:39] [Server thread/INFO]: [Chairs] Allowed block: DARK_OAK_STAIRS => 0.7
[2017-11-29.17:22:39] [Server thread/INFO]: [Chairs] Allowed block: RED_SANDSTONE_STAIRS => 0.7
[2017-11-29.17:22:39] [Server thread/INFO]: [Administration_Panel] Enabling Administration_Panel v1.1.0
[2017-11-29.17:22:39] [Server thread/INFO]: [AdministrationPanel]: Administration_Panel v1.1.0 has been enabled!
[2017-11-29.17:22:39] [Server thread/INFO]: [AutoMessage] Enabling AutoMessage v2.5.5
[2017-11-29.17:22:39] [Server thread/INFO]: [RandomTeleport] Enabling RandomTeleport v5.0.0
[2017-11-29.17:22:39] [Server thread/INFO]: [RandomTeleport] [Updater] Auto-Update is disabled! If you would like to have RandomTP update itself automatically, please enable it in the config.
[2017-11-29.17:22:39] [Server thread/INFO]: [AntiAd] Enabling AntiAd v2.3.4
[2017-11-29.17:22:39] [Server thread/INFO]: [AntiAd] AntiAd Version 2.3.4 is now Enabled.
[2017-11-29.17:22:40] [Server thread/WARN]: [AutoSaveWorld] Plugin AntiAd attempted to establish connection https://api.curseforge.com/servermods/files?projectIds=52014 in main server thread
[2017-11-29.17:22:40] [Server thread/WARN]: [AutoSaveWorld] Plugin AntiAd attempted to establish connection socket://api.curseforge.com:443 in main server thread
[2017-11-29.17:22:41] [Server thread/INFO]: [ChestCommands] Enabling ChestCommands v2.2.3
[2017-11-29.17:22:41] [Server thread/INFO]: [ChestCommands] Loading menu: res.yml
[2017-11-29.17:22:41] [Server thread/INFO]: [ChestCommands] Loading menu: block3.yml
[2017-11-29.17:22:41] [Server thread/INFO]: [ChestCommands] Loading menu: shop.yml
[2017-11-29.17:22:41] [Server thread/INFO]: [ChestCommands] Loading menu: shop_money_seed.yml
[2017-11-29.17:22:41] [Server thread/INFO]: [ChestCommands] Loading menu: staff.yml
[2017-11-29.17:22:41] [Server thread/INFO]: [ChestCommands] Loading menu: shop_money_tree.yml
[2017-11-29.17:22:41] [Server thread/INFO]: [ChestCommands] Loading menu: red.yml
[2017-11-29.17:22:41] [Server thread/INFO]: [ChestCommands] Loading menu: eda.yml
[2017-11-29.17:22:41] [Server thread/INFO]: [ChestCommands] Loading menu: shop_money_stand.yml
[2017-11-29.17:22:41] [Server thread/INFO]: [ChestCommands] Loading menu: block.yml
[2017-11-29.17:22:41] [Server thread/INFO]: [ChestCommands] Loading menu: shop_money_blocks.yml
[2017-11-29.17:22:41] [Server thread/INFO]: [ChestCommands] Loading menu: shop_money_spawner.yml
[2017-11-29.17:22:41] [Server thread/INFO]: [ChestCommands] Loading menu: menu.yml
[2017-11-29.17:22:41] [Server thread/INFO]: [ChestCommands] Loading menu: weapon.yml
[2017-11-29.17:22:41] [Server thread/INFO]: [ChestCommands] Loading menu: shop_money_redstone.yml
[2017-11-29.17:22:41] [Server thread/INFO]: [ChestCommands] Loading menu: shop_money_mine.yml
[2017-11-29.17:22:41] [Server thread/INFO]: [ChestCommands] Loading menu: bronya.yml
[2017-11-29.17:22:41] [Server thread/INFO]: [ChestCommands] Loading menu: block5.yml
[2017-11-29.17:22:41] [Server thread/INFO]: [ChestCommands] Loading menu: shop_money_music.yml
[2017-11-29.17:22:41] [Server thread/INFO]: [ChestCommands] Loading menu: effects.yml
[2017-11-29.17:22:41] [Server thread/INFO]: [ChestCommands] Loading menu: game.yml
[2017-11-29.17:22:41] [Server thread/INFO]: [ChestCommands] Loading menu: block6.yml
[2017-11-29.17:22:41] [Server thread/INFO]: [ChestCommands] Loading menu: info.yml
[2017-11-29.17:22:41] [Server thread/INFO]: [ChestCommands] Loading menu: shop_money_flag.yml
[2017-11-29.17:22:41] [Server thread/INFO]: [ChestCommands] Loading menu: shop_money_wool.yml
[2017-11-29.17:22:41] [Server thread/INFO]: [ChestCommands] Loading menu: block2.yml
[2017-11-29.17:22:41] [Server thread/INFO]: [ChestCommands] Loading menu: hackop.yml
[2017-11-29.17:22:41] [Server thread/ERROR]: Cannot load plugins/ChestCommands/menu/hackop.yml
org.bukkit.configuration.InvalidConfigurationException: while parsing a block collection
 in 'string', line 36, column 5:
        - '&bхак оп''
        ^
expected <block end>, but found Scalar
 in 'string', line 43, column 13:
      COMMAND: 'tell: &fвы теперь оператор'
                ^

	at org.bukkit.configuration.file.YamlConfiguration.loadFromString(YamlConfiguration.java:57) ~[spigot-1.8.8.jar:git-Spigot-db6de12-18fbb24]
	at org.bukkit.configuration.file.FileConfiguration.load(FileConfiguration.java:226) ~[spigot-1.8.8.jar:git-Spigot-db6de12-18fbb24]
	at org.bukkit.configuration.file.FileConfiguration.load(FileConfiguration.java:169) ~[spigot-1.8.8.jar:git-Spigot-db6de12-18fbb24]
	at org.bukkit.configuration.file.YamlConfiguration.loadConfiguration(YamlConfiguration.java:180) [spigot-1.8.8.jar:git-Spigot-db6de12-18fbb24]
	at com.gmail.filoghost.chestcommands.ChestCommands.loadFile(ChestCommands.java:249) [ChestCommands.jar:?]
	at com.gmail.filoghost.chestcommands.ChestCommands.loadConfiguration(ChestCommands.java:224) [ChestCommands.jar:?]
	at com.gmail.filoghost.chestcommands.ChestCommands.onEnable(ChestCommands.java:66) [ChestCommands.jar:?]
	at org.bukkit.plugin.java.JavaPlugin.setEnabled(JavaPlugin.java:321) [spigot-1.8.8.jar:git-Spigot-db6de12-18fbb24]
	at org.bukkit.plugin.java.JavaPluginLoader.enablePlugin(JavaPluginLoader.java:340) [spigot-1.8.8.jar:git-Spigot-db6de12-18fbb24]
	at org.bukkit.plugin.SimplePluginManager.enablePlugin(SimplePluginManager.java:405) [spigot-1.8.8.jar:git-Spigot-db6de12-18fbb24]
	at org.bukkit.craftbukkit.v1_8_R3.CraftServer.loadPlugin(CraftServer.java:357) [spigot-1.8.8.jar:git-Spigot-db6de12-18fbb24]
	at org.bukkit.craftbukkit.v1_8_R3.CraftServer.enablePlugins(CraftServer.java:317) [spigot-1.8.8.jar:git-Spigot-db6de12-18fbb24]
	at net.minecraft.server.v1_8_R3.MinecraftServer.s(MinecraftServer.java:414) [spigot-1.8.8.jar:git-Spigot-db6de12-18fbb24]
	at net.minecraft.server.v1_8_R3.MinecraftServer.k(MinecraftServer.java:378) [spigot-1.8.8.jar:git-Spigot-db6de12-18fbb24]
	at net.minecraft.server.v1_8_R3.MinecraftServer.a(MinecraftServer.java:333) [spigot-1.8.8.jar:git-Spigot-db6de12-18fbb24]
	at net.minecraft.server.v1_8_R3.DedicatedServer.init(DedicatedServer.java:263) [spigot-1.8.8.jar:git-Spigot-db6de12-18fbb24]
	at net.minecraft.server.v1_8_R3.MinecraftServer.run(MinecraftServer.java:525) [spigot-1.8.8.jar:git-Spigot-db6de12-18fbb24]
	at java.lang.Thread.run(Thread.java:745) [?:1.7.0_85]
Caused by: org.yaml.snakeyaml.parser.ParserException: while parsing a block collection
 in 'string', line 36, column 5:
        - '&bхак оп''
        ^
expected <block end>, but found Scalar
 in 'string', line 43, column 13:
      COMMAND: 'tell: &fвы теперь оператор'
                ^

	at org.yaml.snakeyaml.parser.ParserImpl$ParseBlockSequenceEntry.produce(ParserImpl.java:514) ~[spigot-1.8.8.jar:git-Spigot-db6de12-18fbb24]
	at org.yaml.snakeyaml.parser.ParserImpl.peekEvent(ParserImpl.java:158) ~[spigot-1.8.8.jar:git-Spigot-db6de12-18fbb24]
	at org.yaml.snakeyaml.parser.ParserImpl.checkEvent(ParserImpl.java:143) ~[spigot-1.8.8.jar:git-Spigot-db6de12-18fbb24]
	at org.yaml.snakeyaml.composer.Composer.composeSequenceNode(Composer.java:198) ~[spigot-1.8.8.jar:git-Spigot-db6de12-18fbb24]
	at org.yaml.snakeyaml.composer.Composer.composeNode(Composer.java:153) ~[spigot-1.8.8.jar:git-Spigot-db6de12-18fbb24]
	at org.yaml.snakeyaml.composer.Composer.composeMappingNode(Composer.java:229) ~[spigot-1.8.8.jar:git-Spigot-db6de12-18fbb24]
	at org.yaml.snakeyaml.composer.Composer.composeNode(Composer.java:155) ~[spigot-1.8.8.jar:git-Spigot-db6de12-18fbb24]
	at org.yaml.snakeyaml.composer.Composer.composeMappingNode(Composer.java:229) ~[spigot-1.8.8.jar:git-Spigot-db6de12-18fbb24]
	at org.yaml.snakeyaml.composer.Composer.composeNode(Composer.java:155) ~[spigot-1.8.8.jar:git-Spigot-db6de12-18fbb24]
	at org.yaml.snakeyaml.composer.Composer.composeDocument(Composer.java:122) ~[spigot-1.8.8.jar:git-Spigot-db6de12-18fbb24]
	at org.yaml.snakeyaml.composer.Composer.getSingleNode(Composer.java:105) ~[spigot-1.8.8.jar:git-Spigot-db6de12-18fbb24]
	at org.yaml.snakeyaml.constructor.BaseConstructor.getSingleData(BaseConstructor.java:120) ~[spigot-1.8.8.jar:git-Spigot-db6de12-18fbb24]
	at org.yaml.snakeyaml.Yaml.loadFromReader(Yaml.java:450) ~[spigot-1.8.8.jar:git-Spigot-db6de12-18fbb24]
	at org.yaml.snakeyaml.Yaml.load(Yaml.java:369) ~[spigot-1.8.8.jar:git-Spigot-db6de12-18fbb24]
	at org.bukkit.configuration.file.YamlConfiguration.loadFromString(YamlConfiguration.java:55) ~[spigot-1.8.8.jar:git-Spigot-db6de12-18fbb24]
	... 17 more
[2017-11-29.17:22:41] [Server thread/INFO]: [ChestCommands] Loading menu: blocks.yml
[2017-11-29.17:22:41] [Server thread/INFO]: [ChestCommands] Loading menu: shop_money_table.yml
[2017-11-29.17:22:41] [Server thread/INFO]: [ChestCommands] Loading menu: PROF.yml
[2017-11-29.17:22:41] [Server thread/INFO]: [ChestCommands] Loading menu: block4.yml
[2017-11-29.17:22:41] [Server thread/INFO]: [ChestCommands] Loading menu: jobs.yml
[2017-11-29.17:22:42] [Server thread/INFO]: [ChestCommands] Loading menu: shop_money_clay.yml
[2017-11-29.17:22:42] [Server thread/INFO]: [ChestCommands] Loading menu: zel.yml
[2017-11-29.17:22:42] [Server thread/INFO]: [ChestCommands] Loading menu: effect.yml
[2017-11-29.17:22:42] [Server thread/INFO]: [ChestCommands] Loading menu: opka.yml
[2017-11-29.17:22:42] [Server thread/ERROR]: Cannot load plugins/ChestCommands/menu/opka.yml
org.bukkit.configuration.InvalidConfigurationException: while scanning a quoted scalar
 in 'string', line 36, column 7:
        - '&b◆&7&oв разработке''
          ^
found unexpected end of stream
 in 'string', line 41, column 1:
    
    ^

	at org.bukkit.configuration.file.YamlConfiguration.loadFromString(YamlConfiguration.java:57) ~[spigot-1.8.8.jar:git-Spigot-db6de12-18fbb24]
	at org.bukkit.configuration.file.FileConfiguration.load(FileConfiguration.java:226) ~[spigot-1.8.8.jar:git-Spigot-db6de12-18fbb24]
	at org.bukkit.configuration.file.FileConfiguration.load(FileConfiguration.java:169) ~[spigot-1.8.8.jar:git-Spigot-db6de12-18fbb24]
	at org.bukkit.configuration.file.YamlConfiguration.loadConfiguration(YamlConfiguration.java:180) [spigot-1.8.8.jar:git-Spigot-db6de12-18fbb24]
	at com.gmail.filoghost.chestcommands.ChestCommands.loadFile(ChestCommands.java:249) [ChestCommands.jar:?]
	at com.gmail.filoghost.chestcommands.ChestCommands.loadConfiguration(ChestCommands.java:224) [ChestCommands.jar:?]
	at com.gmail.filoghost.chestcommands.ChestCommands.onEnable(ChestCommands.java:66) [ChestCommands.jar:?]
	at org.bukkit.plugin.java.JavaPlugin.setEnabled(JavaPlugin.java:321) [spigot-1.8.8.jar:git-Spigot-db6de12-18fbb24]
	at org.bukkit.plugin.java.JavaPluginLoader.enablePlugin(JavaPluginLoader.java:340) [spigot-1.8.8.jar:git-Spigot-db6de12-18fbb24]
	at org.bukkit.plugin.SimplePluginManager.enablePlugin(SimplePluginManager.java:405) [spigot-1.8.8.jar:git-Spigot-db6de12-18fbb24]
	at org.bukkit.craftbukkit.v1_8_R3.CraftServer.loadPlugin(CraftServer.java:357) [spigot-1.8.8.jar:git-Spigot-db6de12-18fbb24]
	at org.bukkit.craftbukkit.v1_8_R3.CraftServer.enablePlugins(CraftServer.java:317) [spigot-1.8.8.jar:git-Spigot-db6de12-18fbb24]
	at net.minecraft.server.v1_8_R3.MinecraftServer.s(MinecraftServer.java:414) [spigot-1.8.8.jar:git-Spigot-db6de12-18fbb24]
	at net.minecraft.server.v1_8_R3.MinecraftServer.k(MinecraftServer.java:378) [spigot-1.8.8.jar:git-Spigot-db6de12-18fbb24]
	at net.minecraft.server.v1_8_R3.MinecraftServer.a(MinecraftServer.java:333) [spigot-1.8.8.jar:git-Spigot-db6de12-18fbb24]
	at net.minecraft.server.v1_8_R3.DedicatedServer.init(DedicatedServer.java:263) [spigot-1.8.8.jar:git-Spigot-db6de12-18fbb24]
	at net.minecraft.server.v1_8_R3.MinecraftServer.run(MinecraftServer.java:525) [spigot-1.8.8.jar:git-Spigot-db6de12-18fbb24]
	at java.lang.Thread.run(Thread.java:745) [?:1.7.0_85]
Caused by: org.yaml.snakeyaml.scanner.ScannerException: while scanning a quoted scalar
 in 'string', line 36, column 7:
        - '&b◆&7&oв разработке''
          ^
found unexpected end of stream
 in 'string', line 41, column 1:
    
    ^

	at org.yaml.snakeyaml.scanner.ScannerImpl.scanFlowScalarSpaces(ScannerImpl.java:1929) ~[spigot-1.8.8.jar:git-Spigot-db6de12-18fbb24]
	at org.yaml.snakeyaml.scanner.ScannerImpl.scanFlowScalar(ScannerImpl.java:1845) ~[spigot-1.8.8.jar:git-Spigot-db6de12-18fbb24]
	at org.yaml.snakeyaml.scanner.ScannerImpl.fetchFlowScalar(ScannerImpl.java:1029) ~[spigot-1.8.8.jar:git-Spigot-db6de12-18fbb24]
	at org.yaml.snakeyaml.scanner.ScannerImpl.fetchSingle(ScannerImpl.java:1004) ~[spigot-1.8.8.jar:git-Spigot-db6de12-18fbb24]
	at org.yaml.snakeyaml.scanner.ScannerImpl.fetchMoreTokens(ScannerImpl.java:392) ~[spigot-1.8.8.jar:git-Spigot-db6de12-18fbb24]
	at org.yaml.snakeyaml.scanner.ScannerImpl.checkToken(ScannerImpl.java:226) ~[spigot-1.8.8.jar:git-Spigot-db6de12-18fbb24]
	at org.yaml.snakeyaml.parser.ParserImpl$ParseBlockSequenceEntry.produce(ParserImpl.java:504) ~[spigot-1.8.8.jar:git-Spigot-db6de12-18fbb24]
	at org.yaml.snakeyaml.parser.ParserImpl$ParseBlockSequenceFirstEntry.produce(ParserImpl.java:496) ~[spigot-1.8.8.jar:git-Spigot-db6de12-18fbb24]
	at org.yaml.snakeyaml.parser.ParserImpl.peekEvent(ParserImpl.java:158) ~[spigot-1.8.8.jar:git-Spigot-db6de12-18fbb24]
	at org.yaml.snakeyaml.parser.ParserImpl.checkEvent(ParserImpl.java:143) ~[spigot-1.8.8.jar:git-Spigot-db6de12-18fbb24]
	at org.yaml.snakeyaml.composer.Composer.composeSequenceNode(Composer.java:198) ~[spigot-1.8.8.jar:git-Spigot-db6de12-18fbb24]
	at org.yaml.snakeyaml.composer.Composer.composeNode(Composer.java:153) ~[spigot-1.8.8.jar:git-Spigot-db6de12-18fbb24]
	at org.yaml.snakeyaml.composer.Composer.composeMappingNode(Composer.java:229) ~[spigot-1.8.8.jar:git-Spigot-db6de12-18fbb24]
	at org.yaml.snakeyaml.composer.Composer.composeNode(Composer.java:155) ~[spigot-1.8.8.jar:git-Spigot-db6de12-18fbb24]
	at org.yaml.snakeyaml.composer.Composer.composeMappingNode(Composer.java:229) ~[spigot-1.8.8.jar:git-Spigot-db6de12-18fbb24]
	at org.yaml.snakeyaml.composer.Composer.composeNode(Composer.java:155) ~[spigot-1.8.8.jar:git-Spigot-db6de12-18fbb24]
	at org.yaml.snakeyaml.composer.Composer.composeDocument(Composer.java:122) ~[spigot-1.8.8.jar:git-Spigot-db6de12-18fbb24]
	at org.yaml.snakeyaml.composer.Composer.getSingleNode(Composer.java:105) ~[spigot-1.8.8.jar:git-Spigot-db6de12-18fbb24]
	at org.yaml.snakeyaml.constructor.BaseConstructor.getSingleData(BaseConstructor.java:120) ~[spigot-1.8.8.jar:git-Spigot-db6de12-18fbb24]
	at org.yaml.snakeyaml.Yaml.loadFromReader(Yaml.java:450) ~[spigot-1.8.8.jar:git-Spigot-db6de12-18fbb24]
	at org.yaml.snakeyaml.Yaml.load(Yaml.java:369) ~[spigot-1.8.8.jar:git-Spigot-db6de12-18fbb24]
	at org.bukkit.configuration.file.YamlConfiguration.loadFromString(YamlConfiguration.java:55) ~[spigot-1.8.8.jar:git-Spigot-db6de12-18fbb24]
	... 17 more
[2017-11-29.17:22:42] [Server thread/INFO]: [ChestCommands] Loading menu: donmenu.yml
[2017-11-29.17:22:42] [Server thread/INFO]: [ChestCommands] Loading menu: shop_money_food.yml
[2017-11-29.17:22:42] [Server thread/INFO]: [ChestCommands] Loading menu: donate.yml
[2017-11-29.17:22:42] [Server thread/INFO]: [ChestCommands] Economy plugin found, economy support enabled!
[2017-11-29.17:22:42] [Server thread/INFO]: [GamenixText] Enabling GamenixText v1.3
[2017-11-29.17:22:42] [Server thread/WARN]: [AutoSaveWorld] Plugin GamenixText attempted to establish connection http://www.spigotmc.org/api/resource.php?user_id=44198&resource_id=4458once=-419486417 in main server thread
[2017-11-29.17:22:42] [Server thread/INFO]: [HolographicDisplays] Enabling HolographicDisplays v2.2.1
[2017-11-29.17:22:42] [Server thread/WARN]: [HolographicDisplays] Hologram 'lobby' was in the world 'lobby' but it wasn't loaded.
[2017-11-29.17:22:42] [Server thread/INFO]: [TimTheEnchanter] Enabling TimTheEnchanter v2.0
[2017-11-29.17:22:42] [Server thread/INFO]: [Tim] There are some who call me... Tim?
[2017-11-29.17:22:42] [Server thread/INFO]: [UralClans] Enabling UralClans v1.0
[2017-11-29.17:22:42] [Server thread/INFO]: [UralClans] Соединение с базой данных успешно установлено.
[2017-11-29.17:22:42] [Server thread/INFO]: [UralClans] База кланов загружена. (7)
[2017-11-29.17:22:42] [Server thread/INFO]: [UralClans]  - База игроков загружена. (7)
[2017-11-29.17:22:42] [Server thread/INFO]: [UralClans] Плагин включен. (195 ms)
[2017-11-29.17:22:42] [Server thread/INFO]: [Jobs] Enabling Jobs v2.8.5
[2017-11-29.17:22:42] [Jobs-DatabaseSaveTask/INFO]: [Jobs] Started database save task
[2017-11-29.17:22:42] [Server thread/INFO]: [Jobs] [Jobs] Successfully linked with Vault.
[2017-11-29.17:22:42] [Jobs-DatabaseSaveTask/INFO]: [Jobs] Database save task shutdown
[2017-11-29.17:22:42] [Server thread/INFO]: [Jobs] Plugin has been enabled succesfully.
[2017-11-29.17:22:42] [Jobs-PlayerLoginTask/INFO]: [Jobs] Login manager started
[2017-11-29.17:22:42] [Jobs-DatabaseSaveTask/INFO]: [Jobs] Started database save task
[2017-11-29.17:22:42] [Server thread/INFO]: [HideStream] Enabling HideStream v3.1
[2017-11-29.17:22:42] [Server thread/INFO]: [HideStream] Loaded configuration file.
[2017-11-29.17:22:42] [Server thread/INFO]: [HideStream] Checking for updates ..
[2017-11-29.17:22:42] [Server thread/WARN]: [AutoSaveWorld] Plugin HideStream attempted to establish connection http://dev.bukkit.org/server-mods/hidestream/files.rss in main server thread
[2017-11-29.17:22:43] [Server thread/WARN]: [AutoSaveWorld] Plugin HideStream attempted to establish connection socket://dev.bukkit.org:80 in main server thread
[2017-11-29.17:22:43] [Server thread/WARN]: [HideStream] Failed to establish a connection to dev.bukkit.org!
[2017-11-29.17:22:43] [Server thread/INFO]: [HideStream] v3.1 enabled.
[2017-11-29.17:22:43] [Server thread/INFO]: [SmokeTrail] Enabling SmokeTrail v8.0
[2017-11-29.17:22:43] [Server thread/INFO]: [Smoke Trail]  is now enabled!
[2017-11-29.17:22:43] [Server thread/WARN]: [SmokeTrail] Could not save config.yml to plugins/SmokeTrail/config.yml because config.yml already exists.
[2017-11-29.17:22:43] [Server thread/INFO]: Smoke Trail Metrics loaded
[2017-11-29.17:22:43] [Server thread/INFO]: [NoCheatPlus] Enabling NoCheatPlus v3.13.7-RC-sMD5NET-b925
[2017-11-29.17:22:43] [Server thread/INFO]: [NoCheatPlus] McAccess set to: 1.8.4-1.8.8 / Spigot-CB-1.8_R3
[2017-11-29.17:22:43] [Server thread/INFO]: [NoCheatPlus] Added block-info for Minecraft 1.5 blocks.
[2017-11-29.17:22:43] [Server thread/INFO]: [NoCheatPlus] Added block-info for Minecraft 1.6.1 blocks.
[2017-11-29.17:22:43] [Server thread/INFO]: [NoCheatPlus] Added block-info for Minecraft 1.7.2 blocks.
[2017-11-29.17:22:43] [Server thread/INFO]: [NoCheatPlus] Added block-info for Minecraft 1.8 blocks.
[2017-11-29.17:22:43] [Server thread/WARN]: [NoCheatPlus] Bad flag at compatibility.blocks.overrideflags for key WATER_LILY (skip setting flags for this block): height8_1
[2017-11-29.17:22:43] [Server thread/WARN]: [NoCheatPlus] Bad flag at compatibility.blocks.overrideflags for key 60 (skip setting flags for this block): height8_1
[2017-11-29.17:22:43] [Server thread/INFO]: [NoCheatPlus] Overriding block-flags was not entirely successful, all available flags: 
STAIRS|LIQUID|SOLID|IGN_PASSABLE|WATER|LAVA|HEIGHT150|GROUND|HEIGHT100|CLIMBABLE|VARIABLE|XZ100|GROUND_HEIGHT|HEIGHT_8SIM_DEC|HEIGHT_8SIM_INC|HEIGHT_8_INC|RAILS|ICE|LEAVES|THIN_FENCE|COLLIDE_EDGES|PASSABLE_X4|BOUNCE25
[2017-11-29.17:22:43] [Server thread/INFO]: [NoCheatPlus] Inventory checks: FastConsume is available, disabled InstantEat.
[2017-11-29.17:22:43] [Server thread/INFO]: [NoCheatPlus] Packet level access: ProtocolLib is not available.
[2017-11-29.17:22:43] [Server thread/INFO]: [NoCheatPlus] Version 3.13.7-RC-sMD5NET-b925 is enabled.
[2017-11-29.17:22:43] [Server thread/INFO]: [WorldEdit] Enabling WorldEdit v6.1
[2017-11-29.17:22:43] [Server thread/INFO]: WEPIF: Using the Bukkit Permissions API.
[2017-11-29.17:22:44] [Server thread/INFO]: [WorldEdit] Using com.sk89q.worldedit.bukkit.adapter.impl.Spigot_v1_8_R3 as the Bukkit adapter
[2017-11-29.17:22:44] [Server thread/INFO]: [VIPSlots] Enabling VIPSlots v1.0
[2017-11-29.17:22:44] [Server thread/INFO]: 64
[2017-11-29.17:22:44] [Server thread/INFO]: [DonateJoin] Enabling DonateJoin v1.0
[2017-11-29.17:22:44] [Server thread/INFO]: [DonateJoin] [DonateJoin] By Leymooo включён!
[2017-11-29.17:22:44] [Server thread/INFO]: [OPSRegion] Enabling OPSRegion v1.0
[2017-11-29.17:22:44] [Server thread/INFO]: [AntiBotUltra] Enabling AntiBotUltra v7.1
[2017-11-29.17:22:44] [Server thread/INFO]: [AntiBotUltra] This server is protected!
[2017-11-29.17:22:44] [Server thread/INFO]: [PermissionsEx] Enabling PermissionsEx v1.23.4
[2017-11-29.17:22:44] [Server thread/INFO]: [PermissionsEx] Initializing file backend
[2017-11-29.17:22:44] [Server thread/INFO]: [PermissionsEx] Permissions file successfully reloaded
[2017-11-29.17:22:44] [Server thread/INFO]: WEPIF: PermissionsEx detected! Using PermissionsEx for permissions.
[2017-11-29.17:22:44] [Server thread/INFO]: [Vault][Permission] PermissionsEx hooked.
[2017-11-29.17:22:44] [Server thread/INFO]: [Vault][Chat] PermissionsEx_Chat hooked.
[2017-11-29.17:22:44] [Server thread/INFO]: [HealthBar] Enabling HealthBar v1.8.3
[2017-11-29.17:22:44] [Server thread/ERROR]: Cannot load plugins/HealthBar/custom-player-bar.yml
org.bukkit.configuration.InvalidConfigurationException: while scanning an anchor
 in 'string', line 35, column 12:
      prefix: '&e'
               ^
expected alphabetic or numeric character, but found '(39)
 in 'string', line 35, column 14:
      prefix: '&e'
                 ^

	at org.bukkit.configuration.file.YamlConfiguration.loadFromString(YamlConfiguration.java:57) ~[spigot-1.8.8.jar:git-Spigot-db6de12-18fbb24]
	at org.bukkit.configuration.file.FileConfiguration.load(FileConfiguration.java:226) ~[spigot-1.8.8.jar:git-Spigot-db6de12-18fbb24]
	at org.bukkit.configuration.file.FileConfiguration.load(FileConfiguration.java:169) ~[spigot-1.8.8.jar:git-Spigot-db6de12-18fbb24]
	at org.bukkit.configuration.file.YamlConfiguration.loadConfiguration(YamlConfiguration.java:180) [spigot-1.8.8.jar:git-Spigot-db6de12-18fbb24]
	at com.gmail.filoghost.healthbar.utils.Utils.loadFile(Utils.java:73) [HealthBar.jar:?]
	at com.gmail.filoghost.healthbar.Main.reloadConfigFromDisk(Main.java:113) [HealthBar.jar:?]
	at com.gmail.filoghost.healthbar.Main.onEnable(Main.java:68) [HealthBar.jar:?]
	at org.bukkit.plugin.java.JavaPlugin.setEnabled(JavaPlugin.java:321) [spigot-1.8.8.jar:git-Spigot-db6de12-18fbb24]
	at org.bukkit.plugin.java.JavaPluginLoader.enablePlugin(JavaPluginLoader.java:340) [spigot-1.8.8.jar:git-Spigot-db6de12-18fbb24]
	at org.bukkit.plugin.SimplePluginManager.enablePlugin(SimplePluginManager.java:405) [spigot-1.8.8.jar:git-Spigot-db6de12-18fbb24]
	at org.bukkit.craftbukkit.v1_8_R3.CraftServer.loadPlugin(CraftServer.java:357) [spigot-1.8.8.jar:git-Spigot-db6de12-18fbb24]
	at org.bukkit.craftbukkit.v1_8_R3.CraftServer.enablePlugins(CraftServer.java:317) [spigot-1.8.8.jar:git-Spigot-db6de12-18fbb24]
	at net.minecraft.server.v1_8_R3.MinecraftServer.s(MinecraftServer.java:414) [spigot-1.8.8.jar:git-Spigot-db6de12-18fbb24]
	at net.minecraft.server.v1_8_R3.MinecraftServer.k(MinecraftServer.java:378) [spigot-1.8.8.jar:git-Spigot-db6de12-18fbb24]
	at net.minecraft.server.v1_8_R3.MinecraftServer.a(MinecraftServer.java:333) [spigot-1.8.8.jar:git-Spigot-db6de12-18fbb24]
	at net.minecraft.server.v1_8_R3.DedicatedServer.init(DedicatedServer.java:263) [spigot-1.8.8.jar:git-Spigot-db6de12-18fbb24]
	at net.minecraft.server.v1_8_R3.MinecraftServer.run(MinecraftServer.java:525) [spigot-1.8.8.jar:git-Spigot-db6de12-18fbb24]
	at java.lang.Thread.run(Thread.java:745) [?:1.7.0_85]
Caused by: org.yaml.snakeyaml.scanner.ScannerException: while scanning an anchor
 in 'string', line 35, column 12:
      prefix: '&e'
               ^
expected alphabetic or numeric character, but found '(39)
 in 'string', line 35, column 14:
      prefix: '&e'
                 ^

	at org.yaml.snakeyaml.scanner.ScannerImpl.scanAnchor(ScannerImpl.java:1446) ~[spigot-1.8.8.jar:git-Spigot-db6de12-18fbb24]
	at org.yaml.snakeyaml.scanner.ScannerImpl.fetchAnchor(ScannerImpl.java:939) ~[spigot-1.8.8.jar:git-Spigot-db6de12-18fbb24]
	at org.yaml.snakeyaml.scanner.ScannerImpl.fetchMoreTokens(ScannerImpl.java:370) ~[spigot-1.8.8.jar:git-Spigot-db6de12-18fbb24]
	at org.yaml.snakeyaml.scanner.ScannerImpl.checkToken(ScannerImpl.java:226) ~[spigot-1.8.8.jar:git-Spigot-db6de12-18fbb24]
	at org.yaml.snakeyaml.parser.ParserImpl$ParseBlockMappingKey.produce(ParserImpl.java:558) ~[spigot-1.8.8.jar:git-Spigot-db6de12-18fbb24]
	at org.yaml.snakeyaml.parser.ParserImpl.peekEvent(ParserImpl.java:158) ~[spigot-1.8.8.jar:git-Spigot-db6de12-18fbb24]
	at org.yaml.snakeyaml.parser.ParserImpl.checkEvent(ParserImpl.java:143) ~[spigot-1.8.8.jar:git-Spigot-db6de12-18fbb24]
	at org.yaml.snakeyaml.composer.Composer.composeMappingNode(Composer.java:224) ~[spigot-1.8.8.jar:git-Spigot-db6de12-18fbb24]
	at org.yaml.snakeyaml.composer.Composer.composeNode(Composer.java:155) ~[spigot-1.8.8.jar:git-Spigot-db6de12-18fbb24]
	at org.yaml.snakeyaml.composer.Composer.composeMappingNode(Composer.java:229) ~[spigot-1.8.8.jar:git-Spigot-db6de12-18fbb24]
	at org.yaml.snakeyaml.composer.Composer.composeNode(Composer.java:155) ~[spigot-1.8.8.jar:git-Spigot-db6de12-18fbb24]
	at org.yaml.snakeyaml.composer.Composer.composeDocument(Composer.java:122) ~[spigot-1.8.8.jar:git-Spigot-db6de12-18fbb24]
	at org.yaml.snakeyaml.composer.Composer.getSingleNode(Composer.java:105) ~[spigot-1.8.8.jar:git-Spigot-db6de12-18fbb24]
	at org.yaml.snakeyaml.constructor.BaseConstructor.getSingleData(BaseConstructor.java:120) ~[spigot-1.8.8.jar:git-Spigot-db6de12-18fbb24]
	at org.yaml.snakeyaml.Yaml.loadFromReader(Yaml.java:450) ~[spigot-1.8.8.jar:git-Spigot-db6de12-18fbb24]
	at org.yaml.snakeyaml.Yaml.load(Yaml.java:369) ~[spigot-1.8.8.jar:git-Spigot-db6de12-18fbb24]
	at org.bukkit.configuration.file.YamlConfiguration.loadFromString(YamlConfiguration.java:55) ~[spigot-1.8.8.jar:git-Spigot-db6de12-18fbb24]
	... 17 more
[2017-11-29.17:22:44] [Server thread/INFO]: [CS-CoreLib] Enabling CS-CoreLib v1.5.16
[2017-11-29.17:22:44] [Server thread/INFO]: [RainbowArmour] Enabling RainbowArmour v1.0
[2017-11-29.17:22:44] [Server thread/INFO]: [WorldGuard] Enabling WorldGuard v6.1
[2017-11-29.17:22:44] [Server thread/INFO]: [WorldGuard] (world) TNT ignition is blocked.
[2017-11-29.17:22:44] [Server thread/INFO]: [WorldGuard] (world) Lighters are blocked.
[2017-11-29.17:22:44] [Server thread/INFO]: [WorldGuard] (world) Lava fire is blocked.
[2017-11-29.17:22:44] [Server thread/INFO]: [WorldGuard] (world) Fire spread is UNRESTRICTED.
[2017-11-29.17:22:44] [Server thread/INFO]: [WorldGuard] Loaded configuration for world 'world'
[2017-11-29.17:22:44] [Server thread/INFO]: [WorldGuard] (world_nether) TNT ignition is blocked.
[2017-11-29.17:22:44] [Server thread/INFO]: [WorldGuard] (world_nether) Lighters are blocked.
[2017-11-29.17:22:44] [Server thread/INFO]: [WorldGuard] (world_nether) Lava fire is blocked.
[2017-11-29.17:22:44] [Server thread/INFO]: [WorldGuard] (world_nether) Fire spread is UNRESTRICTED.
[2017-11-29.17:22:44] [Server thread/INFO]: [WorldGuard] Loaded configuration for world 'world_nether'
[2017-11-29.17:22:44] [Server thread/INFO]: [WorldGuard] (world_the_end) TNT ignition is blocked.
[2017-11-29.17:22:44] [Server thread/INFO]: [WorldGuard] (world_the_end) Lighters are blocked.
[2017-11-29.17:22:44] [Server thread/INFO]: [WorldGuard] (world_the_end) Lava fire is blocked.
[2017-11-29.17:22:44] [Server thread/INFO]: [WorldGuard] (world_the_end) Fire spread is UNRESTRICTED.
[2017-11-29.17:22:44] [Server thread/INFO]: [WorldGuard] Loaded configuration for world 'world_the_end'
[2017-11-29.17:22:44] [Server thread/INFO]: [WorldGuard] Loading region data...
[2017-11-29.17:22:44] [Server thread/INFO]: [PingMOTD] Enabling PingMOTD v0.7
[2017-11-29.17:22:44] [Server thread/INFO]: [MineResetLite] Enabling MineResetLite v0.3.6
[2017-11-29.17:22:44] [Server thread/INFO]: [MineResetLite] Loading mine from file 'mine.mine.yml'...
[2017-11-29.17:22:44] [Server thread/INFO]: [MineResetLite] Loading mine from file 'min.mine.yml'...
[2017-11-29.17:22:44] [Server thread/INFO]: [MineResetLite] Loading mine from file 'Шахта.mine.yml'...
[2017-11-29.17:22:44] [Server thread/INFO]: [MineResetLite] MineResetLite version 0.3.6 enabled!
[2017-11-29.17:22:44] [Server thread/INFO]: [RandomBox] Enabling RandomBox v2.1.2
[2017-11-29.17:22:44] [Server thread/INFO]: [RandomBox] Loading config...
[2017-11-29.17:22:44] [Server thread/ERROR]: Cannot load plugins/RandomBox/config.yml
org.bukkit.configuration.InvalidConfigurationException: while parsing a block mapping
 in 'string', line 41, column 7:
          commands:
          ^
expected <block end>, but found BlockMappingStart
 in 'string', line 45, column 9:
            item: 265
            ^

	at org.bukkit.configuration.file.YamlConfiguration.loadFromString(YamlConfiguration.java:57) ~[spigot-1.8.8.jar:git-Spigot-db6de12-18fbb24]
	at org.bukkit.configuration.file.FileConfiguration.load(FileConfiguration.java:226) ~[spigot-1.8.8.jar:git-Spigot-db6de12-18fbb24]
	at org.bukkit.configuration.file.FileConfiguration.load(FileConfiguration.java:169) ~[spigot-1.8.8.jar:git-Spigot-db6de12-18fbb24]
	at org.bukkit.configuration.file.YamlConfiguration.loadConfiguration(YamlConfiguration.java:180) [spigot-1.8.8.jar:git-Spigot-db6de12-18fbb24]
	at org.bukkit.plugin.java.JavaPlugin.reloadConfig(JavaPlugin.java:188) [spigot-1.8.8.jar:git-Spigot-db6de12-18fbb24]
	at saharnooby.randombox.RandomBox.loadConfig(RandomBox.java:53) [RandomBox.jar:?]
	at saharnooby.randombox.RandomBox.onEnable(RandomBox.java:76) [RandomBox.jar:?]
	at org.bukkit.plugin.java.JavaPlugin.setEnabled(JavaPlugin.java:321) [spigot-1.8.8.jar:git-Spigot-db6de12-18fbb24]
	at org.bukkit.plugin.java.JavaPluginLoader.enablePlugin(JavaPluginLoader.java:340) [spigot-1.8.8.jar:git-Spigot-db6de12-18fbb24]
	at org.bukkit.plugin.SimplePluginManager.enablePlugin(SimplePluginManager.java:405) [spigot-1.8.8.jar:git-Spigot-db6de12-18fbb24]
	at org.bukkit.craftbukkit.v1_8_R3.CraftServer.loadPlugin(CraftServer.java:357) [spigot-1.8.8.jar:git-Spigot-db6de12-18fbb24]
	at org.bukkit.craftbukkit.v1_8_R3.CraftServer.enablePlugins(CraftServer.java:317) [spigot-1.8.8.jar:git-Spigot-db6de12-18fbb24]
	at net.minecraft.server.v1_8_R3.MinecraftServer.s(MinecraftServer.java:414) [spigot-1.8.8.jar:git-Spigot-db6de12-18fbb24]
	at net.minecraft.server.v1_8_R3.MinecraftServer.k(MinecraftServer.java:378) [spigot-1.8.8.jar:git-Spigot-db6de12-18fbb24]
	at net.minecraft.server.v1_8_R3.MinecraftServer.a(MinecraftServer.java:333) [spigot-1.8.8.jar:git-Spigot-db6de12-18fbb24]
	at net.minecraft.server.v1_8_R3.DedicatedServer.init(DedicatedServer.java:263) [spigot-1.8.8.jar:git-Spigot-db6de12-18fbb24]
	at net.minecraft.server.v1_8_R3.MinecraftServer.run(MinecraftServer.java:525) [spigot-1.8.8.jar:git-Spigot-db6de12-18fbb24]
	at java.lang.Thread.run(Thread.java:745) [?:1.7.0_85]
Caused by: org.yaml.snakeyaml.parser.ParserException: while parsing a block mapping
 in 'string', line 41, column 7:
          commands:
          ^
expected <block end>, but found BlockMappingStart
 in 'string', line 45, column 9:
            item: 265
            ^

	at org.yaml.snakeyaml.parser.ParserImpl$ParseBlockMappingKey.produce(ParserImpl.java:570) ~[spigot-1.8.8.jar:git-Spigot-db6de12-18fbb24]
	at org.yaml.snakeyaml.parser.ParserImpl.peekEvent(ParserImpl.java:158) ~[spigot-1.8.8.jar:git-Spigot-db6de12-18fbb24]
	at org.yaml.snakeyaml.parser.ParserImpl.checkEvent(ParserImpl.java:143) ~[spigot-1.8.8.jar:git-Spigot-db6de12-18fbb24]
	at org.yaml.snakeyaml.composer.Composer.composeMappingNode(Composer.java:224) ~[spigot-1.8.8.jar:git-Spigot-db6de12-18fbb24]
	at org.yaml.snakeyaml.composer.Composer.composeNode(Composer.java:155) ~[spigot-1.8.8.jar:git-Spigot-db6de12-18fbb24]
	at org.yaml.snakeyaml.composer.Composer.composeMappingNode(Composer.java:229) ~[spigot-1.8.8.jar:git-Spigot-db6de12-18fbb24]
	at org.yaml.snakeyaml.composer.Composer.composeNode(Composer.java:155) ~[spigot-1.8.8.jar:git-Spigot-db6de12-18fbb24]
	at org.yaml.snakeyaml.composer.Composer.composeMappingNode(Composer.java:229) ~[spigot-1.8.8.jar:git-Spigot-db6de12-18fbb24]
	at org.yaml.snakeyaml.composer.Composer.composeNode(Composer.java:155) ~[spigot-1.8.8.jar:git-Spigot-db6de12-18fbb24]
	at org.yaml.snakeyaml.composer.Composer.composeMappingNode(Composer.java:229) ~[spigot-1.8.8.jar:git-Spigot-db6de12-18fbb24]
	at org.yaml.snakeyaml.composer.Composer.composeNode(Composer.java:155) ~[spigot-1.8.8.jar:git-Spigot-db6de12-18fbb24]
	at org.yaml.snakeyaml.composer.Composer.composeDocument(Composer.java:122) ~[spigot-1.8.8.jar:git-Spigot-db6de12-18fbb24]
	at org.yaml.snakeyaml.composer.Composer.getSingleNode(Composer.java:105) ~[spigot-1.8.8.jar:git-Spigot-db6de12-18fbb24]
	at org.yaml.snakeyaml.constructor.BaseConstructor.getSingleData(BaseConstructor.java:120) ~[spigot-1.8.8.jar:git-Spigot-db6de12-18fbb24]
	at org.yaml.snakeyaml.Yaml.loadFromReader(Yaml.java:450) ~[spigot-1.8.8.jar:git-Spigot-db6de12-18fbb24]
	at org.yaml.snakeyaml.Yaml.load(Yaml.java:369) ~[spigot-1.8.8.jar:git-Spigot-db6de12-18fbb24]
	at org.bukkit.configuration.file.YamlConfiguration.loadFromString(YamlConfiguration.java:55) ~[spigot-1.8.8.jar:git-Spigot-db6de12-18fbb24]
	... 17 more
[2017-11-29.17:22:44] [Server thread/INFO]: [RandomBox] 0 boxes has been loaded, time = 0 ms
[2017-11-29.17:22:44] [Server thread/INFO]: [RandomBox] Configuration loaded.
[2017-11-29.17:22:44] [Server thread/INFO]: [RandomBox] Plugin enabled.
[2017-11-29.17:22:44] [Server thread/INFO]: [Marriage] Enabling Marriage v1.11
[2017-11-29.17:22:44] [Server thread/ERROR]: [Marriage] Marriage is not compatible with the version of minecraft you are using!
[2017-11-29.17:22:44] [Server thread/ERROR]: Marriage kissing will be disabled!
[2017-11-29.17:22:44] [Server thread/INFO]: [Marriage] Hooked with Essentials Economy using Vault
[2017-11-29.17:22:44] [Server thread/INFO]: [LokiBlocker] Enabling LokiBlocker v0.5.4
[2017-11-29.17:22:44] [Server thread/INFO]: Event org.bukkit.event.block.BlockPlaceEvent successfuly hoocked!
[2017-11-29.17:22:44] [Server thread/INFO]: Event org.bukkit.event.player.PlayerPickupItemEvent successfuly hoocked!
[2017-11-29.17:22:44] [Server thread/INFO]: Event org.bukkit.event.player.PlayerDropItemEvent successfuly hoocked!
[2017-11-29.17:22:44] [Server thread/INFO]: Event org.bukkit.event.player.PlayerInteractEvent successfuly hoocked!
[2017-11-29.17:22:44] [Server thread/INFO]: Event org.bukkit.event.block.BlockPistonExtendEvent successfuly hoocked!
[2017-11-29.17:22:44] [Server thread/INFO]: Event org.bukkit.event.player.PlayerInteractEntityEvent successfuly hoocked!
[2017-11-29.17:22:44] [Server thread/INFO]: Event org.bukkit.event.entity.EntityDamageByEntityEvent successfuly hoocked!
[2017-11-29.17:22:44] [Server thread/INFO]: Event org.bukkit.event.entity.EntityDamageEvent successfuly hoocked!
[2017-11-29.17:22:44] [Server thread/INFO]: Event org.bukkit.event.inventory.CraftItemEvent successfuly hoocked!
[2017-11-29.17:22:44] [Server thread/INFO]: Event org.bukkit.event.inventory.InventoryClickEvent successfuly hoocked!
[2017-11-29.17:22:44] [Server thread/INFO]: Event org.bukkit.event.player.PlayerChatEvent successfuly hoocked!
[2017-11-29.17:22:44] [Server thread/INFO]: 000       00     0  00000 00              00     00      
[2017-11-29.17:22:44] [Server thread/INFO]:  0     00  0 00      0   0 0     00   000  0 00 0  0 0 00
[2017-11-29.17:22:44] [Server thread/INFO]:  0    0  0 00   00   0000  0    0  0 0     00   0000 00  
[2017-11-29.17:22:44] [Server thread/INFO]:  0  0 0  0 0 0   0   0   0 0  0 0  0 0     0 0  0    0   
[2017-11-29.17:22:44] [Server thread/INFO]: 00000  00 00  0 000 00000 00000  00   000 00  0  000 0   
[2017-11-29.17:22:44] [Server thread/INFO]: LokiBlocker enabled!
[2017-11-29.17:22:44] [Server thread/INFO]: [ColorMe] Enabling ColorMe v3.8.1
[2017-11-29.17:22:44] [Server thread/INFO]: [ColorMe] Loaded Vault successfully
[2017-11-29.17:22:44] [Server thread/INFO]: [ColorMe] Running without Spout!
[2017-11-29.17:22:44] [Server thread/INFO]: [ColorMe] Using own group system!
[2017-11-29.17:22:44] [Server thread/INFO]: [ColorMe] SoftMode enabled. If other chat plugins are found, the chat won't be affected by ColorMe.
[2017-11-29.17:22:44] [Server thread/INFO]: [ColorMe] Found ChatManager. Will use it for chat!
[2017-11-29.17:22:44] [Server thread/INFO]: [ColorMe] Didn't found TagAPI!
[2017-11-29.17:22:45] [Server thread/INFO]: [ClearLag] Enabling ClearLag v2.9.3
[2017-11-29.17:22:45] [Server thread/INFO]: [ClearLag] Loading modules...
[2017-11-29.17:22:45] [Server thread/INFO]: [ClearLag] Modules enabed, loading config values
[2017-11-29.17:22:45] [Server thread/INFO]: [ClearLag] Modules have been loaded!
[2017-11-29.17:22:45] [Server thread/INFO]: [ClearLag] Clearlag is now enabled!
[2017-11-29.17:22:45] [Server thread/INFO]: [Essentials] Enabling Essentials vTeamCity
[2017-11-29.17:22:45] [Server thread/INFO]: Версия Bukkit-ядра изменена. Версия не проверяется.
[2017-11-29.17:22:45] [Server thread/INFO]: git-Spigot-db6de12-18fbb24 (MC: 1.8.8)
[2017-11-29.17:22:45] [Server thread/INFO]: 1.8.8-R0.1-SNAPSHOT
[2017-11-29.17:22:45] [Server thread/INFO]: Using locale en_US
[2017-11-29.17:22:45] [Server thread/INFO]: Using locale en_US
[2017-11-29.17:22:45] [Server thread/INFO]: [Vault][Economy] Essentials Economy hooked.
[2017-11-29.17:22:45] [Server thread/INFO]: Essentials: Using PermissionsEx based permissions.
[2017-11-29.17:22:45] [Server thread/INFO]: [CTSNC] Enabling CTSNC v11.7
[2017-11-29.17:22:45] [Server thread/INFO]: [CTSNC] You need to download TTA!
[2017-11-29.17:22:45] [Server thread/INFO]: [CTSNC] CTSNC will now shut down!
[2017-11-29.17:22:45] [Server thread/INFO]: [CTSNC] Disabling CTSNC v11.7
[2017-11-29.17:22:45] [Server thread/INFO]: [CTSNC] Version: 11.7 by [Herbystar] disabled!
[2017-11-29.17:22:45] [Server thread/INFO]: [AncientGates] Enabling AncientGates v2.0.6
[2017-11-29.17:22:45] [Server thread/INFO]: [AncientGates] Loading conf from disk
[2017-11-29.17:22:45] [Server thread/INFO]: [ColoredTags] Enabling ColoredTags v2.1.1
[2017-11-29.17:22:45] [Server thread/INFO]: [ColoredTags] Hooked HealthBar plugin!
[2017-11-29.17:22:45] [Server thread/INFO]: [ChatManager] Enabling ChatManager v1.19.1
[2017-11-29.17:22:45] [Server thread/INFO]: [ChatManager] ChatManager enabled!
[2017-11-29.17:22:45] [Server thread/INFO]: [ChatManager] Multiverse 2 integration enabled!
[2017-11-29.17:22:45] [Server thread/INFO]: [EssentialsSpawn] Enabling EssentialsSpawn vTeamCity
[2017-11-29.17:22:45] [Server thread/INFO]: [AuthMe] Enabling AuthMe v3.4
[2017-11-29.17:22:45] [Server thread/INFO]: [AuthMe] Loading Configuration File...
[2017-11-29.17:22:45] [Server thread/INFO]: [AuthMe] Set Language: ru
[2017-11-29.17:22:45] [Server thread/INFO]: [AuthMe] Vault plugin detected, hook with PermissionsEx system
[2017-11-29.17:22:45] [Server thread/INFO]: [AuthMe] Hook with Multiverse-Core for SpawnLocations
[2017-11-29.17:22:45] [Server thread/INFO]: [AuthMe] Hook with Essentials plugin
[2017-11-29.17:22:45] [Server thread/INFO]: [AuthMe] Hook with EssentialsSpawn plugin
[2017-11-29.17:22:45] [Server thread/INFO]: [AuthMe] LICENSE : This product includes GeoLite data created by MaxMind, available from http://www.maxmind.com
[2017-11-29.17:22:45] [Server thread/INFO]: [AuthMe] Authme 3.4 enabled
[2017-11-29.17:22:45] [Server thread/INFO]: Server permissions file permissions.yml is empty, ignoring it
[2017-11-29.17:22:46] [Server thread/INFO]: Done (8.553s)! For help, type "help" or "?"
[2017-11-29.17:22:46] [Server thread/INFO]: Starting remote control listener
[2017-11-29.17:22:46] [RCON Listener #1/INFO]: RCON running on 0.0.0.0:26696
[2017-11-29.17:22:46] [Server thread/INFO]: [NoCheatPlus] Post-enable running...
[2017-11-29.17:22:46] [Server thread/INFO]: [NoCheatPlus] Post-enable finished.
[2017-11-29.17:22:46] [Server thread/INFO]: [CS-CoreLib - Protection] Loaded Protection Module "WorldGuard"
[2017-11-29.17:22:46] [Server thread/INFO]: [HolographicDisplays] Found a new version available: v2.2.6
[2017-11-29.17:22:46] [Server thread/INFO]: [HolographicDisplays] Download it on Bukkit Dev:
[2017-11-29.17:22:46] [Server thread/INFO]: [HolographicDisplays] dev.bukkit.org/bukkit-plugins/holographic-displays
[2017-11-29.17:22:46] [Server thread/INFO]: [ViaVersion] ViaVersion detected server version: 1.8.x(47)
[2017-11-29.17:22:46] [Craft Scheduler Thread - 18/INFO]: [NoCheatPlus] Added hook: AllViolations(NCP) [1.0].
[2017-11-29.17:22:46] [Server thread/INFO]: [ColoredTags] Found an update: v2.1.3   (Your version: v2.1.1)
[2017-11-29.17:22:46] [Server thread/INFO]: [ColoredTags] Type "/ctags update" or download it from:
[2017-11-29.17:22:46] [Server thread/INFO]: [ColoredTags] dev.bukkit.org/bukkit-plugins/colored-tags
[2017-11-29.17:22:46] [Server thread/INFO]: [ChestCommands] Found an update: v3.1.4   (Your version: v2.2.3)
[2017-11-29.17:22:46] [Server thread/INFO]: [ChestCommands] Type "/chc update" or download it from:
[2017-11-29.17:22:46] [Server thread/INFO]: [ChestCommands] dev.bukkit.org/bukkit-plugins/chest-commands
[2017-11-29.17:22:46] [Server thread/INFO]: ----------------------------------------------------------
[2017-11-29.17:22:46] [Server thread/INFO]: [ChestCommands] Could not find a compatible NMS code for this bukkit version. Attributes will show up on items.If you're using a new version, expect an update soon. The plugin will still work.
[2017-11-29.17:22:46] [Server thread/INFO]: [ChestCommands] The menu name in the file "shop_money_tree.yml" is the same of another: cannot load two menus with the same name.
[2017-11-29.17:22:46] [Server thread/INFO]: [ChestCommands] The menu name in the file "shop_money_stand.yml" is the same of another: cannot load two menus with the same name.
[2017-11-29.17:22:46] [Server thread/INFO]: [ChestCommands] The item "block_33" in the file "shop_money_blocks.yml" has an invalid ID. Invalid ID: "stonebrick"
[2017-11-29.17:22:46] [Server thread/INFO]: [ChestCommands] The item "block_34" in the file "shop_money_blocks.yml" has an invalid ID. Invalid ID: "stonebrick"
[2017-11-29.17:22:46] [Server thread/INFO]: [ChestCommands] The item "block_35" in the file "shop_money_blocks.yml" has an invalid ID. Invalid ID: "stonebrick"
[2017-11-29.17:22:46] [Server thread/INFO]: [ChestCommands] The menu name in the file "shop_money_spawner.yml" is the same of another: cannot load two menus with the same name.
[2017-11-29.17:22:46] [Server thread/INFO]: [ChestCommands] The item "19" in the file "menu.yml" has an invalid ID. Invalid ID: "dye"
[2017-11-29.17:22:46] [Server thread/INFO]: [ChestCommands] The menu name in the file "shop_money_redstone.yml" is the same of another: cannot load two menus with the same name.
[2017-11-29.17:22:46] [Server thread/INFO]: [ChestCommands] The menu name in the file "shop_money_mine.yml" is the same of another: cannot load two menus with the same name.
[2017-11-29.17:22:46] [Server thread/INFO]: [ChestCommands] The menu name in the file "shop_money_music.yml" is the same of another: cannot load two menus with the same name.
[2017-11-29.17:22:46] [Server thread/INFO]: [ChestCommands] Invalid item-id "net" in the file "effects.yml".
[2017-11-29.17:22:46] [Server thread/INFO]: [ChestCommands] The menu name in the file "shop_money_flag.yml" is the same of another: cannot load two menus with the same name.
[2017-11-29.17:22:46] [Server thread/INFO]: [ChestCommands] The menu name in the file "shop_money_wool.yml" is the same of another: cannot load two menus with the same name.
[2017-11-29.17:22:46] [Server thread/INFO]: [ChestCommands] The menu hackop.yml cannot be loaded: file not loaded correctly or 'name' not found. Check your menu settings and possible previous YAML formatting errors.
[2017-11-29.17:22:46] [Server thread/INFO]: [ChestCommands] The menu name in the file "shop_money_table.yml" is the same of another: cannot load two menus with the same name.
[2017-11-29.17:22:46] [Server thread/INFO]: [ChestCommands] The menu name in the file "shop_money_clay.yml" is the same of another: cannot load two menus with the same name.
[2017-11-29.17:22:46] [Server thread/INFO]: [ChestCommands] The menu effect.yml cannot be loaded: file not loaded correctly or 'name' not found. Check your menu settings and possible previous YAML formatting errors.
[2017-11-29.17:22:46] [Server thread/INFO]: [ChestCommands] The menu opka.yml cannot be loaded: file not loaded correctly or 'name' not found. Check your menu settings and possible previous YAML formatting errors.
[2017-11-29.17:22:46] [Server thread/INFO]: [ChestCommands] The menu name in the file "shop_money_food.yml" is the same of another: cannot load two menus with the same name.
[2017-11-29.17:22:46] [Server thread/INFO]: ----------------------------------------------------------
[2017-11-29.17:22:46] [Server thread/INFO]: [AncientGates] Loading gates from disk
[2017-11-29.17:22:46] [Server thread/INFO]: [AncientGates] Loading gates into memory
[2017-11-29.17:22:47] [Server thread/INFO]: [AncientGates] Enabled
[2017-11-29.17:22:47] [Craft Scheduler Thread - 24/INFO]: [Vault] Checking for Updates ... 
[2017-11-29.17:22:47] [Server thread/WARN]: [ViaVersion] There is a newer version available: 1.3.0, you're on: 1.2.0
[2017-11-29.17:22:47] [Craft Scheduler Thread - 24/INFO]: [Vault] No new version available
[2017-11-29.17:23:03] [Thread-30/INFO]: UUID of player Luck20 is f09479e8-3ebd-3ba0-8be8-75ecff981eed
[2017-11-29.17:23:03] [Server thread/INFO]: Luck20[/79.179.21.219:51450] logged in with entity id 135 at ([world]7.2655048821667005, 74.78911196626969, 369.20404233087254)
[2017-11-29.17:23:11] [Server thread/INFO]: Luck20 issued server command: /pas luck7869
[2017-11-29.17:23:14] [Server thread/INFO]: ♥ Ⓛ  | (CrocoCraft) [Основатель] Luck20 [Сервера] ➠ g
[2017-11-29.17:23:47] [Server thread/INFO]: Шахта была успешно обновлена.
[2017-11-29.17:23:47] [Server thread/INFO]: [Уборщик] Мусор будет убран через 300 секунд!
[2017-11-29.17:23:49] [Craft Scheduler Thread - 8/INFO]: [Metrics] Connection timed out
[2017-11-29.17:23:49] [Craft Scheduler Thread - 11/INFO]: [Metrics] Connection timed out
[2017-11-29.17:24:47] [Server thread/INFO]: Шахта была успешно обновлена.
[2017-11-29.17:24:47] [Server thread/INFO]: [Уборщик] Мусор будет убран через 240 секунд!
[2017-11-29.17:25:47] [Server thread/INFO]: [Уборщик] Мусор будет убран через 180 секунд!
[2017-11-29.17:25:47] [Server thread/INFO]: Шахта была успешно обновлена.
[2017-11-29.17:25:47] [Server thread/INFO]: Шахта была успешно обновлена.
[2017-11-29.17:26:47] [Server thread/INFO]: Шахта была успешно обновлена.
[2017-11-29.17:26:47] [Server thread/INFO]: [Уборщик] Мусор будет убран через 120 секунд!
[2017-11-29.17:27:47] [Server thread/INFO]: [Уборщик] Мусор будет убран через 60 секунд!
[2017-11-29.17:27:47] [Server thread/INFO]: Шахта была успешно обновлена.
[2017-11-29.17:28:47] [Server thread/INFO]: [Уборщик] Мусор будет убран через 0 секунд!
[2017-11-29.17:28:47] [Server thread/INFO]: Шахта была успешно обновлена.
[2017-11-29.17:28:47] [Server thread/INFO]: Шахта была успешно обновлена.
[2017-11-29.17:29:47] [Server thread/INFO]: [Уборщик] Мусор будет убран через 300 секунд!
[2017-11-29.17:29:47] [Server thread/INFO]: Шахта была успешно обновлена.
[2017-11-29.17:30:47] [Server thread/INFO]: Шахта была успешно обновлена.
[2017-11-29.17:30:47] [Server thread/INFO]: [Уборщик] Мусор будет убран через 240 секунд!
[2017-11-29.17:31:47] [Server thread/INFO]: [Уборщик] Мусор будет убран через 180 секунд!
[2017-11-29.17:31:47] [Server thread/INFO]: Шахта была успешно обновлена.
[2017-11-29.17:31:47] [Server thread/INFO]: Шахта была успешно обновлена.
[2017-11-29.17:32:47] [Server thread/INFO]: [Уборщик] Мусор будет убран через 120 секунд!
[2017-11-29.17:32:47] [Server thread/INFO]: Шахта была успешно обновлена.
[2017-11-29.17:32:47] [Server thread/INFO]: Шахта была успешно обновлена.
[2017-11-29.17:33:47] [Server thread/INFO]: Шахта была успешно обновлена.
[2017-11-29.17:33:47] [Server thread/INFO]: [Уборщик] Мусор будет убран через 60 секунд!
[2017-11-29.17:33:50] [Craft Scheduler Thread - 12/INFO]: [Metrics] Connection timed out
[2017-11-29.17:34:47] [Server thread/INFO]: Шахта была успешно обновлена.
[2017-11-29.17:34:47] [Server thread/INFO]: Шахта была успешно обновлена.
[2017-11-29.17:34:47] [Server thread/INFO]: [Уборщик] Мусор будет убран через 0 секунд!
[2017-11-29.17:35:00] [Server thread/INFO]: Stopping the server
[2017-11-29.17:35:00] [Server thread/INFO]: Stopping server
[2017-11-29.17:35:00] [Server thread/INFO]: [AuthMe] Disabling AuthMe v3.4
[2017-11-29.17:35:00] [Server thread/INFO]: [EssentialsSpawn] Disabling EssentialsSpawn vTeamCity
[2017-11-29.17:35:00] [Server thread/INFO]: [ChatManager] Disabling ChatManager v1.19.1
[2017-11-29.17:35:00] [Server thread/INFO]: [ChatManager] ChatManager disabled!
[2017-11-29.17:35:00] [Server thread/INFO]: [ColoredTags] Disabling ColoredTags v2.1.1
[2017-11-29.17:35:00] [Server thread/INFO]: [AncientGates] Disabling AncientGates v2.0.6
[2017-11-29.17:35:00] [Server thread/INFO]: [AncientGates] Disabled
[2017-11-29.17:35:00] [Server thread/INFO]: [Essentials] Disabling Essentials vTeamCity
[2017-11-29.17:35:00] [Server thread/INFO]: [Vault][Economy] Essentials Economy unhooked.
[2017-11-29.17:35:00] [Server thread/INFO]: [AutoSaveWorld] Disabling AutoSaveWorld v4.14.2
[2017-11-29.17:35:00] [Server thread/INFO]: крокодил начал сохранять сервер
[2017-11-29.17:35:00] [Server thread/INFO]: крокодил закончил сохранять сервер
[2017-11-29.17:35:04] [Server thread/INFO]: [ClearLag] Disabling ClearLag v2.9.3
[2017-11-29.17:35:04] [Server thread/INFO]: [ClearLag] Clearlag is now disabled!
[2017-11-29.17:35:04] [Server thread/INFO]: [ColorMe] Disabling ColorMe v3.8.1
[2017-11-29.17:35:04] [Server thread/INFO]: [LokiBlocker] Disabling LokiBlocker v0.5.4
[2017-11-29.17:35:04] [Server thread/INFO]: LokiBlocker disabled!
[2017-11-29.17:35:04] [Server thread/INFO]: [Marriage] Disabling Marriage v1.11
[2017-11-29.17:35:04] [Server thread/INFO]: [RandomBox] Disabling RandomBox v2.1.2
[2017-11-29.17:35:04] [Server thread/INFO]: [MineResetLite] Disabling MineResetLite v0.3.6
[2017-11-29.17:35:04] [Server thread/INFO]: [MineResetLite] MineResetLite disabled
[2017-11-29.17:35:04] [Server thread/INFO]: [PingMOTD] Disabling PingMOTD v0.7
[2017-11-29.17:35:04] [Server thread/INFO]: [WorldGuard] Disabling WorldGuard v6.1
[2017-11-29.17:35:04] [Server thread/INFO]: [WorldGuard] Shutting down executor and waiting for any pending tasks...
[2017-11-29.17:35:04] [Server thread/INFO]: [RainbowArmour] Disabling RainbowArmour v1.0
[2017-11-29.17:35:04] [Server thread/INFO]: [CS-CoreLib] Disabling CS-CoreLib v1.5.16
[2017-11-29.17:35:04] [Server thread/INFO]: [HealthBar] Disabling HealthBar v1.8.3
[2017-11-29.17:35:04] [Server thread/INFO]: HealthBar disabled, all the health bars have been removed.
[2017-11-29.17:35:04] [Server thread/INFO]: [PermissionsEx] Disabling PermissionsEx v1.23.4
[2017-11-29.17:35:04] [Server thread/INFO]: WEPIF: PermissionsEx detected! Using PermissionsEx for permissions.
[2017-11-29.17:35:04] [Server thread/INFO]: [Vault][Permission] PermissionsEx un-hooked.
[2017-11-29.17:35:04] [Server thread/INFO]: [Vault][Chat] PermissionsEx_Chat un-hooked.
[2017-11-29.17:35:04] [Server thread/INFO]: [AntiBotUltra] Disabling AntiBotUltra v7.1
[2017-11-29.17:35:04] [Server thread/INFO]: [OPSRegion] Disabling OPSRegion v1.0
[2017-11-29.17:35:04] [Server thread/INFO]: [DonateJoin] Disabling DonateJoin v1.0
[2017-11-29.17:35:04] [Server thread/INFO]: [DonateJoin] [DonateJoin] отключён!
[2017-11-29.17:35:04] [Server thread/INFO]: [VIPSlots] Disabling VIPSlots v1.0
[2017-11-29.17:35:04] [Server thread/INFO]: [WorldEdit] Disabling WorldEdit v6.1
[2017-11-29.17:35:04] [Server thread/INFO]: [NoCheatPlus] Disabling NoCheatPlus v3.13.7-RC-sMD5NET-b925
[2017-11-29.17:35:04] [Server thread/INFO]: [NoCheatPlus] Removed hook: AllViolations(NCP) [1.0].
[2017-11-29.17:35:04] [Server thread/INFO]: Version 3.13.7-RC-sMD5NET-b925 is disabled.
[2017-11-29.17:35:04] [Server thread/INFO]: [SmokeTrail] Disabling SmokeTrail v8.0
[2017-11-29.17:35:04] [Server thread/INFO]: [Smoke Trail] is now disabled
[2017-11-29.17:35:04] [Server thread/INFO]: [HideStream] Disabling HideStream v3.1
[2017-11-29.17:35:04] [Server thread/INFO]: [HideStream] v3.1 disabled.
[2017-11-29.17:35:04] [Server thread/INFO]: [Jobs] Disabling Jobs v2.8.5
[2017-11-29.17:35:04] [Jobs-DatabaseSaveTask/INFO]: [Jobs] Database save task shutdown
[2017-11-29.17:35:04] [Jobs-PlayerLoginTask/INFO]: [Jobs] Login manager shutdown
[2017-11-29.17:35:04] [Server thread/INFO]: [Jobs] Plugin has been disabled succesfully.
[2017-11-29.17:35:04] [Server thread/INFO]: [UralClans] Disabling UralClans v1.0
[2017-11-29.17:35:04] [Server thread/INFO]: [UralClans] Плагин выключен.
[2017-11-29.17:35:04] [Server thread/INFO]: [TimTheEnchanter] Disabling TimTheEnchanter v2.0
[2017-11-29.17:35:04] [Server thread/INFO]: [Tim] I *warned* you, but did you listen to me? Oh, no, you *knew*, didn't you? Oh, it's just a harmless little *bunny*, isn't it? 
[2017-11-29.17:35:04] [Server thread/INFO]: [HolographicDisplays] Disabling HolographicDisplays v2.2.1
[2017-11-29.17:35:04] [Server thread/INFO]: [GamenixText] Disabling GamenixText v1.3
[2017-11-29.17:35:04] [Server thread/INFO]: [ChestCommands] Disabling ChestCommands v2.2.3
[2017-11-29.17:35:04] [Server thread/INFO]: [AntiAd] Disabling AntiAd v2.3.4
[2017-11-29.17:35:04] [Server thread/INFO]: [AntiAd] &2AntiAd Version 2.3.4 is now Disabled.
[2017-11-29.17:35:04] [Server thread/INFO]: [RandomTeleport] Disabling RandomTeleport v5.0.0
[2017-11-29.17:35:04] [Server thread/INFO]: [AutoMessage] Disabling AutoMessage v2.5.5
[2017-11-29.17:35:04] [Server thread/INFO]: [Administration_Panel] Disabling Administration_Panel v1.1.0
[2017-11-29.17:35:04] [Server thread/INFO]: [AdministrationPanel]: Administration_Panel v1.1.0 has been disabled!
[2017-11-29.17:35:04] [Server thread/INFO]: [Chairs] Disabling Chairs v4.6
[2017-11-29.17:35:04] [Server thread/INFO]: [Tablist] Disabling Tablist v1.2.3.7
[2017-11-29.17:35:04] [Server thread/INFO]: Tablist> Tablist v1.2.3.7 disabled!!
[2017-11-29.17:35:04] [Server thread/INFO]: [ViaVersion] Disabling ViaVersion v1.2.0
[2017-11-29.17:35:04] [Server thread/INFO]: [ViaVersion] ViaVersion is disabling, if this is a reload and you experience issues consider rebooting.
[2017-11-29.17:35:04] [Server thread/INFO]: [Multiverse-Core] Disabling Multiverse-Core v2.5-b719
[2017-11-29.17:35:04] [Server thread/INFO]: [Vault] Disabling Vault v1.5.6-b49
[2017-11-29.17:35:04] [Server thread/INFO]: [SkinsRestorer] Disabling SkinsRestorer v10.5.9
[2017-11-29.17:35:04] [Server thread/INFO]: [DynPad] Disabling DynPad v1.4
[2017-11-29.17:35:04] [Server thread/INFO]: [ServerProtector] Disabling ServerProtector v1.0
[2017-11-29.17:35:04] [Server thread/INFO]: Saving players
[2017-11-29.17:35:04] [Server thread/INFO]: Luck20 lost connection: Server closed
[2017-11-29.17:35:05] [Server thread/INFO]: Luck20 left the game.
[2017-11-29.17:35:05] [Server thread/INFO]: Saving worlds
[2017-11-29.17:35:05] [Server thread/INFO]: Saving chunks for level 'world'/Overworld
[2017-11-29.17:35:05] [Server thread/INFO]: Saving chunks for level 'world_nether'/Nether
[2017-11-29.17:35:05] [Server thread/INFO]: Saving chunks for level 'world_the_end'/The End